[0607/001101.740:ERROR:process_memory_win.cc(73)] ReadMemory at 0x24c6bd83750 of 72 bytes failed: Only part of a ReadProcessMemory or WriteProcessMemory request was completed. (0x12B)
[0607/001103.472:WARNING:pe_image_annotations_reader.cc(134)] could not read annotations list object in C:\Program Files (x86)\Google\Chrome\Application\83.0.4103.97\chrome_elf.dll
[0607/001103.472:ERROR:process_memory_win.cc(73)] ReadMemory at 0x7ffdf30c0000 of 64 bytes failed: Only part of a ReadProcessMemory or WriteProcessMemory request was completed. (0x12B)
[0607/001103.472:WARNING:pe_image_reader.cc(340)] could not read dos header from C:\WINDOWS\SYSTEM32\VERSION.dll
[0607/001103.472:ERROR:process_memory_win.cc(73)] ReadMemory at 0x7ffdf30c0000 of 64 bytes failed: Only part of a ReadProcessMemory or WriteProcessMemory request was completed. (0x12B)
[0607/001103.479:WARNING:pe_image_reader.cc(340)] could not read dos header from C:\WINDOWS\SYSTEM32\VERSION.dll
[0607/001103.480:ERROR:process_memory_win.cc(73)] ReadMemory at 0x7ffe020a0000 of 64 bytes failed: Only part of a ReadProcessMemory or WriteProcessMemory request was completed. (0x12B)
[0607/001103.480:WARNING:pe_image_reader.cc(340)] could not read dos header from C:\WINDOWS\System32\msvcrt.dll
[0607/001103.480:ERROR:process_memory_win.cc(73)] ReadMemory at 0x7ffe020a0000 of 64 bytes failed: Only part of a ReadProcessMemory or WriteProcessMemory request was completed. (0x12B)
[0607/001103.480:WARNING:pe_image_reader.cc(340)] could not read dos header from C:\WINDOWS\System32\msvcrt.dll
[0607/001103.480:ERROR:process_memory_win.cc(73)] ReadMemory at 0x7ffe01850000 of 64 bytes failed: Only part of a ReadProcessMemory or WriteProcessMemory request was completed. (0x12B)
[0607/001103.480:WARNING:pe_image_reader.cc(340)] could not read dos header from C:\WINDOWS\System32\bcryptPrimitives.dll
[0607/001103.480:ERROR:process_memory_win.cc(73)] ReadMemory at 0x7ffe01850000 of 64 bytes failed: Only part of a ReadProcessMemory or WriteProcessMemory request was completed. (0x12B)
[0607/001103.480:WARNING:pe_image_reader.cc(340)] could not read dos header from C:\WINDOWS\System32\bcryptPrimitives.dll
[0607/001103.480:ERROR:process_memory_win.cc(73)] ReadMemory at 0x7ffe03700000 of 64 bytes failed: Only part of a ReadProcessMemory or WriteProcessMemory request was completed. (0x12B)
[0607/001103.480:WARNING:pe_image_reader.cc(340)] could not read dos header from C:\WINDOWS\System32\ADVAPI32.dll
[0607/001103.480:ERROR:process_memory_win.cc(73)] ReadMemory at 0x7ffe03700000 of 64 bytes failed: Only part of a ReadProcessMemory or WriteProcessMemory request was completed. (0x12B)
[0607/001103.480:WARNING:pe_image_reader.cc(340)] could not read dos header from C:\WINDOWS\System32\ADVAPI32.dll
[0607/001103.480:ERROR:process_memory_win.cc(73)] ReadMemory at 0x7ffe03660000 of 64 bytes failed: Only part of a ReadProcessMemory or WriteProcessMemory request was completed. (0x12B)
[0607/001103.480:WARNING:pe_image_reader.cc(340)] could not read dos header from C:\WINDOWS\System32\sechost.dll
[0607/001103.480:ERROR:process_memory_win.cc(73)] ReadMemory at 0x7ffe03660000 of 64 bytes failed: Only part of a ReadProcessMemory or WriteProcessMemory request was completed. (0x12B)
[0607/001103.481:WARNING:pe_image_reader.cc(340)] could not read dos header from C:\WINDOWS\System32\sechost.dll
[0607/001103.481:ERROR:process_memory_win.cc(73)] ReadMemory at 0x7ffe02dd0000 of 64 bytes failed: Only part of a ReadProcessMemory or WriteProcessMemory request was completed. (0x12B)
[0607/001103.481:WARNING:pe_image_reader.cc(340)] could not read dos header from C:\WINDOWS\System32\RPCRT4.dll
[0607/001103.481:ERROR:process_memory_win.cc(73)] ReadMemory at 0x7ffe02dd0000 of 64 bytes failed: Only part of a ReadProcessMemory or WriteProcessMemory request was completed. (0x12B)
[0607/001103.481:WARNING:pe_image_reader.cc(340)] could not read dos header from C:\WINDOWS\System32\RPCRT4.dll
[0607/001103.481:ERROR:process_memory_win.cc(73)] ReadMemory at 0x7ffda0dc0000 of 64 bytes failed: Only part of a ReadProcessMemory or WriteProcessMemory request was completed. (0x12B)
[0607/001103.481:WARNING:pe_image_reader.cc(340)] could not read dos header from C:\Program Files (x86)\Google\Chrome\Application\83.0.4103.97\chrome.dll
[0607/001103.481:ERROR:process_memory_win.cc(73)] ReadMemory at 0x7ffda0dc0000 of 64 bytes failed: Only part of a ReadProcessMemory or WriteProcessMemory request was completed. (0x12B)
[0607/001103.481:WARNING:pe_image_reader.cc(340)] could not read dos header from C:\Program Files (x86)\Google\Chrome\Application\83.0.4103.97\chrome.dll
[0607/001103.481:ERROR:process_memory_win.cc(73)] ReadMemory at 0x7ffe033e0000 of 64 bytes failed: Only part of a ReadProcessMemory or WriteProcessMemory request was completed. (0x12B)
[0607/001103.481:WARNING:pe_image_reader.cc(340)] could not read dos header from C:\WINDOWS\System32\WS2_32.dll
[0607/001103.482:ERROR:process_memory_win.cc(73)] ReadMemory at 0x7ffe033e0000 of 64 bytes failed: Only part of a ReadProcessMemory or WriteProcessMemory request was completed. (0x12B)
[0607/001103.482:WARNING:pe_image_reader.cc(340)] could not read dos header from C:\WINDOWS\System32\WS2_32.dll
[0607/001103.482:ERROR:process_memory_win.cc(73)] ReadMemory at 0x7ffe02750000 of 64 bytes failed: Only part of a ReadProcessMemory or WriteProcessMemory request was completed. (0x12B)
[0607/001103.482:WARNING:pe_image_reader.cc(340)] could not read dos header from C:\WINDOWS\System32\OLEAUT32.dll
[0607/001103.482:ERROR:process_memory_win.cc(73)] ReadMemory at 0x7ffe02750000 of 64 bytes failed: Only part of a ReadProcessMemory or WriteProcessMemory request was completed. (0x12B)
[0607/001103.482:WARNING:pe_image_reader.cc(340)] could not read dos header from C:\WINDOWS\System32\OLEAUT32.dll
[0607/001103.482:ERROR:process_memory_win.cc(73)] ReadMemory at 0x7ffe01290000 of 64 bytes failed: Only part of a ReadProcessMemory or WriteProcessMemory request was completed. (0x12B)
[0607/001103.482:WARNING:pe_image_reader.cc(340)] could not read dos header from C:\WINDOWS\System32\msvcp_win.dll
[0607/001103.482:ERROR:process_memory_win.cc(73)] ReadMemory at 0x7ffe01290000 of 64 bytes failed: Only part of a ReadProcessMemory or WriteProcessMemory request was completed. (0x12B)
[0607/001103.482:WARNING:pe_image_reader.cc(340)] could not read dos header from C:\WINDOWS\System32\msvcp_win.dll
[0607/001103.482:ERROR:process_memory_win.cc(73)] ReadMemory at 0x7ffe014b0000 of 64 bytes failed: Only part of a ReadProcessMemory or WriteProcessMemory request was completed. (0x12B)
[0607/001103.482:WARNING:pe_image_reader.cc(340)] could not read dos header from C:\WINDOWS\System32\ucrtbase.dll
[0607/001103.482:ERROR:process_memory_win.cc(73)] ReadMemory at 0x7ffe014b0000 of 64 bytes failed: Only part of a ReadProcessMemory or WriteProcessMemory request was completed. (0x12B)
[0607/001103.482:WARNING:pe_image_reader.cc(340)] could not read dos header from C:\WINDOWS\System32\ucrtbase.dll
[0607/001103.482:ERROR:process_memory_win.cc(73)] ReadMemory at 0x7ffe02370000 of 64 bytes failed: Only part of a ReadProcessMemory or WriteProcessMemory request was completed. (0x12B)
[0607/001103.483:WARNING:pe_image_reader.cc(340)] could not read dos header from C:\WINDOWS\System32\combase.dll
[0607/001103.483:ERROR:process_memory_win.cc(73)] ReadMemory at 0x7ffe02370000 of 64 bytes failed: Only part of a ReadProcessMemory or WriteProcessMemory request was completed. (0x12B)
[0607/001103.483:WARNING:pe_image_reader.cc(340)] could not read dos header from C:\WINDOWS\System32\combase.dll
[0607/001103.483:ERROR:process_memory_win.cc(73)] ReadMemory at 0x7ffe00800000 of 64 bytes failed: Only part of a ReadProcessMemory or WriteProcessMemory request was completed. (0x12B)
[0607/001103.483:WARNING:pe_image_reader.cc(340)] could not read dos header from C:\WINDOWS\System32\WINTRUST.dll
[0607/001103.483:ERROR:process_memory_win.cc(73)] ReadMemory at 0x7ffe00800000 of 64 bytes failed: Only part of a ReadProcessMemory or WriteProcessMemory request was completed. (0x12B)
[0607/001103.483:WARNING:pe_image_reader.cc(340)] could not read dos header from C:\WINDOWS\System32\WINTRUST.dll
[0607/001103.483:ERROR:process_memory_win.cc(73)] ReadMemory at 0x7ffe007b0000 of 64 bytes failed: Only part of a ReadProcessMemory or WriteProcessMemory request was completed. (0x12B)
[0607/001103.483:WARNING:pe_image_reader.cc(340)] could not read dos header from C:\WINDOWS\System32\MSASN1.dll
[0607/001103.483:ERROR:process_memory_win.cc(73)] ReadMemory at 0x7ffe007b0000 of 64 bytes failed: Only part of a ReadProcessMemory or WriteProcessMemory request was completed. (0x12B)
[0607/001103.483:WARNING:pe_image_reader.cc(340)] could not read dos header from C:\WINDOWS\System32\MSASN1.dll
[0607/001103.483:ERROR:process_memory_win.cc(73)] ReadMemory at 0x7ffe01360000 of 64 bytes failed: Only part of a ReadProcessMemory or WriteProcessMemory request was completed. (0x12B)
[0607/001103.483:WARNING:pe_image_reader.cc(340)] could not read dos header from C:\WINDOWS\System32\CRYPT32.dll
[0607/001103.483:ERROR:process_memory_win.cc(73)] ReadMemory at 0x7ffe01360000 of 64 bytes failed: Only part of a ReadProcessMemory or WriteProcessMemory request was completed. (0x12B)
[0607/001103.483:WARNING:pe_image_reader.cc(340)] could not read dos header from C:\WINDOWS\System32\CRYPT32.dll
[0607/001103.484:ERROR:process_memory_win.cc(73)] ReadMemory at 0x7ffdffcb0000 of 64 bytes failed: Only part of a ReadProcessMemory or WriteProcessMemory request was completed. (0x12B)
[0607/001103.484:WARNING:pe_image_reader.cc(340)] could not read dos header from C:\WINDOWS\SYSTEM32\IPHLPAPI.DLL
[0607/001103.484:ERROR:process_memory_win.cc(73)] ReadMemory at 0x7ffdffcb0000 of 64 bytes failed: Only part of a ReadProcessMemory or WriteProcessMemory request was completed. (0x12B)
[0607/001103.484:WARNING:pe_image_reader.cc(340)] could not read dos header from C:\WINDOWS\SYSTEM32\IPHLPAPI.DLL
[0607/001103.484:ERROR:process_memory_win.cc(73)] ReadMemory at 0x7ffdfd000000 of 64 bytes failed: Only part of a ReadProcessMemory or WriteProcessMemory request was completed. (0x12B)
[0607/001103.484:WARNING:pe_image_reader.cc(340)] could not read dos header from C:\WINDOWS\SYSTEM32\WINMM.dll
[0607/001103.485:ERROR:process_memory_win.cc(73)] ReadMemory at 0x7ffdfd000000 of 64 bytes failed: Only part of a ReadProcessMemory or WriteProcessMemory request was completed. (0x12B)
[0607/001103.485:WARNING:pe_image_reader.cc(340)] could not read dos header from C:\WINDOWS\SYSTEM32\WINMM.dll
[0607/001103.485:ERROR:process_memory_win.cc(73)] ReadMemory at 0x7ffdeef40000 of 64 bytes failed: Only part of a ReadProcessMemory or WriteProcessMemory request was completed. (0x12B)
[0607/001103.485:WARNING:pe_image_reader.cc(340)] could not read dos header from C:\WINDOWS\SYSTEM32\Secur32.dll
[0607/001103.485:ERROR:process_memory_win.cc(73)] ReadMemory at 0x7ffdeef40000 of 64 bytes failed: Only part of a ReadProcessMemory or WriteProcessMemory request was completed. (0x12B)
[0607/001103.485:WARNING:pe_image_reader.cc(340)] could not read dos header from C:\WINDOWS\SYSTEM32\Secur32.dll
[0607/001103.485:ERROR:process_memory_win.cc(73)] ReadMemory at 0x7ffe00650000 of 64 bytes failed: Only part of a ReadProcessMemory or WriteProcessMemory request was completed. (0x12B)
[0607/001103.485:WARNING:pe_image_reader.cc(340)] could not read dos header from C:\WINDOWS\SYSTEM32\USERENV.dll
[0607/001103.485:ERROR:process_memory_win.cc(73)] ReadMemory at 0x7ffe00650000 of 64 bytes failed: Only part of a ReadProcessMemory or WriteProcessMemory request was completed. (0x12B)
[0607/001103.485:WARNING:pe_image_reader.cc(340)] could not read dos header from C:\WINDOWS\SYSTEM32\USERENV.dll
[0607/001103.485:ERROR:process_memory_win.cc(73)] ReadMemory at 0x7ffe007d0000 of 64 bytes failed: Only part of a ReadProcessMemory or WriteProcessMemory request was completed. (0x12B)
[0607/001103.485:WARNING:pe_image_reader.cc(340)] could not read dos header from C:\WINDOWS\System32\profapi.dll
[0607/001103.485:ERROR:process_memory_win.cc(73)] ReadMemory at 0x7ffe007d0000 of 64 bytes failed: Only part of a ReadProcessMemory or WriteProcessMemory request was completed. (0x12B)
[0607/001103.485:WARNING:pe_image_reader.cc(340)] could not read dos header from C:\WINDOWS\System32\profapi.dll
[0607/001103.486:ERROR:process_memory_win.cc(73)] ReadMemory at 0x7ffdf31f0000 of 64 bytes failed: Only part of a ReadProcessMemory or WriteProcessMemory request was completed. (0x12B)
[0607/001103.486:WARNING:pe_image_reader.cc(340)] could not read dos header from C:\WINDOWS\SYSTEM32\UIAutomationCore.DLL
[0607/001103.486:ERROR:process_memory_win.cc(73)] ReadMemory at 0x7ffdf31f0000 of 64 bytes failed: Only part of a ReadProcessMemory or WriteProcessMemory request was completed. (0x12B)
[0607/001103.486:WARNING:pe_image_reader.cc(340)] could not read dos header from C:\WINDOWS\SYSTEM32\UIAutomationCore.DLL
[0607/001103.486:ERROR:process_memory_win.cc(73)] ReadMemory at 0x7ffdf0850000 of 64 bytes failed: Only part of a ReadProcessMemory or WriteProcessMemory request was completed. (0x12B)
[0607/001103.486:WARNING:pe_image_reader.cc(340)] could not read dos header from C:\WINDOWS\SYSTEM32\DWrite.dll
[0607/001103.486:ERROR:process_memory_win.cc(73)] ReadMemory at 0x7ffdf0850000 of 64 bytes failed: Only part of a ReadProcessMemory or WriteProcessMemory request was completed. (0x12B)
[0607/001103.486:WARNING:pe_image_reader.cc(340)] could not read dos header from C:\WINDOWS\SYSTEM32\DWrite.dll
[0607/001103.486:ERROR:process_memory_win.cc(73)] ReadMemory at 0x7ffdf2d50000 of 64 bytes failed: Only part of a ReadProcessMemory or WriteProcessMemory request was completed. (0x12B)
[0607/001103.486:WARNING:pe_image_reader.cc(340)] could not read dos header from C:\WINDOWS\SYSTEM32\WINSPOOL.DRV
[0607/001103.486:ERROR:process_memory_win.cc(73)] ReadMemory at 0x7ffdf2d50000 of 64 bytes failed: Only part of a ReadProcessMemory or WriteProcessMemory request was completed. (0x12B)
[0607/001103.486:WARNING:pe_image_reader.cc(340)] could not read dos header from C:\WINDOWS\SYSTEM32\WINSPOOL.DRV
[0607/001103.486:ERROR:process_memory_win.cc(73)] ReadMemory at 0x7ffe00790000 of 64 bytes failed: Only part of a ReadProcessMemory or WriteProcessMemory request was completed. (0x12B)
[0607/001103.486:WARNING:pe_image_reader.cc(340)] could not read dos header from C:\WINDOWS\System32\kernel.appcore.dll
[0607/001103.487:ERROR:process_memory_win.cc(73)] ReadMemory at 0x7ffe00790000 of 64 bytes failed: Only part of a ReadProcessMemory or WriteProcessMemory request was completed. (0x12B)
[0607/001103.487:WARNING:pe_image_reader.cc(340)] could not read dos header from C:\WINDOWS\System32\kernel.appcore.dll
[0607/001103.487:ERROR:process_memory_win.cc(73)] ReadMemory at 0x7ffe01330000 of 64 bytes failed: Only part of a ReadProcessMemory or WriteProcessMemory request was completed. (0x12B)
[0607/001103.487:WARNING:pe_image_reader.cc(340)] could not read dos header from C:\WINDOWS\System32\bcrypt.dll
[0607/001103.487:ERROR:process_memory_win.cc(73)] ReadMemory at 0x7ffe01330000 of 64 bytes failed: Only part of a ReadProcessMemory or WriteProcessMemory request was completed. (0x12B)
[0607/001103.487:WARNING:pe_image_reader.cc(340)] could not read dos header from C:\WINDOWS\System32\bcrypt.dll
[0607/001103.487:ERROR:process_memory_win.cc(73)] ReadMemory at 0x7ffdff020000 of 64 bytes failed: Only part of a ReadProcessMemory or WriteProcessMemory request was completed. (0x12B)
[0607/001103.487:WARNING:pe_image_reader.cc(340)] could not read dos header from C:\WINDOWS\SYSTEM32\dbghelp.dll
[0607/001103.487:ERROR:process_memory_win.cc(73)] ReadMemory at 0x7ffdff020000 of 64 bytes failed: Only part of a ReadProcessMemory or WriteProcessMemory request was completed. (0x12B)
[0607/001103.487:WARNING:pe_image_reader.cc(340)] could not read dos header from C:\WINDOWS\SYSTEM32\dbghelp.dll
[0607/001103.487:ERROR:process_memory_win.cc(73)] ReadMemory at 0x7ffdf5730000 of 64 bytes failed: Only part of a ReadProcessMemory or WriteProcessMemory request was completed. (0x12B)
[0607/001103.487:WARNING:pe_image_reader.cc(340)] could not read dos header from C:\WINDOWS\SYSTEM32\WINHTTP.dll
[0607/001103.487:ERROR:process_memory_win.cc(73)] ReadMemory at 0x7ffdf5730000 of 64 bytes failed: Only part of a ReadProcessMemory or WriteProcessMemory request was completed. (0x12B)
[0607/001103.487:WARNING:pe_image_reader.cc(340)] could not read dos header from C:\WINDOWS\SYSTEM32\WINHTTP.dll
[0607/001103.487:ERROR:process_memory_win.cc(73)] ReadMemory at 0x7ffdf6380000 of 64 bytes failed: Only part of a ReadProcessMemory or WriteProcessMemory request was completed. (0x12B)
[0607/001103.487:WARNING:pe_image_reader.cc(340)] could not read dos header from C:\WINDOWS\SYSTEM32\dhcpcsvc.DLL
[0607/001103.488:ERROR:process_memory_win.cc(73)] ReadMemory at 0x7ffdf6380000 of 64 bytes failed: Only part of a ReadProcessMemory or WriteProcessMemory request was completed. (0x12B)
[0607/001103.488:WARNING:pe_image_reader.cc(340)] could not read dos header from C:\WINDOWS\SYSTEM32\dhcpcsvc.DLL
[0607/001103.488:ERROR:process_memory_win.cc(73)] ReadMemory at 0x7ffe03370000 of 64 bytes failed: Only part of a ReadProcessMemory or WriteProcessMemory request was completed. (0x12B)
[0607/001103.488:WARNING:pe_image_reader.cc(340)] could not read dos header from C:\WINDOWS\System32\NSI.dll
[0607/001103.488:ERROR:process_memory_win.cc(73)] ReadMemory at 0x7ffe03370000 of 64 bytes failed: Only part of a ReadProcessMemory or WriteProcessMemory request was completed. (0x12B)
[0607/001103.488:WARNING:pe_image_reader.cc(340)] could not read dos header from C:\WINDOWS\System32\NSI.dll
[0607/001103.488:ERROR:process_memory_win.cc(73)] ReadMemory at 0x7ffdfcfd0000 of 64 bytes failed: Only part of a ReadProcessMemory or WriteProcessMemory request was completed. (0x12B)
[0607/001103.488:WARNING:pe_image_reader.cc(340)] could not read dos header from C:\WINDOWS\SYSTEM32\WINMMBASE.dll
[0607/001103.488:ERROR:process_memory_win.cc(73)] ReadMemory at 0x7ffdfcfd0000 of 64 bytes failed: Only part of a ReadProcessMemory or WriteProcessMemory request was completed. (0x12B)
[0607/001103.488:WARNING:pe_image_reader.cc(340)] could not read dos header from C:\WINDOWS\SYSTEM32\WINMMBASE.dll
[0607/001103.488:ERROR:process_memory_win.cc(73)] ReadMemory at 0x7ffe01750000 of 64 bytes failed: Only part of a ReadProcessMemory or WriteProcessMemory request was completed. (0x12B)
[0607/001103.488:WARNING:pe_image_reader.cc(340)] could not read dos header from C:\WINDOWS\System32\cfgmgr32.dll
[0607/001103.488:ERROR:process_memory_win.cc(73)] ReadMemory at 0x7ffe01750000 of 64 bytes failed: Only part of a ReadProcessMemory or WriteProcessMemory request was completed. (0x12B)
[0607/001103.488:WARNING:pe_image_reader.cc(340)] could not read dos header from C:\WINDOWS\System32\cfgmgr32.dll
[0607/001103.488:ERROR:process_memory_win.cc(73)] ReadMemory at 0x7ffdfcce0000 of 64 bytes failed: Only part of a ReadProcessMemory or WriteProcessMemory request was completed. (0x12B)
[0607/001103.488:WARNING:pe_image_reader.cc(340)] could not read dos header from C:\WINDOWS\SYSTEM32\PROPSYS.dll
[0607/001103.489:ERROR:process_memory_win.cc(73)] ReadMemory at 0x7ffdfcce0000 of 64 bytes failed: Only part of a ReadProcessMemory or WriteProcessMemory request was completed. (0x12B)
[0607/001103.489:WARNING:pe_image_reader.cc(340)] could not read dos header from C:\WINDOWS\SYSTEM32\PROPSYS.dll
[0607/001103.489:ERROR:process_memory_win.cc(73)] ReadMemory at 0x7ffe032c0000 of 64 bytes failed: Only part of a ReadProcessMemory or WriteProcessMemory request was completed. (0x12B)
[0607/001103.489:WARNING:pe_image_reader.cc(340)] could not read dos header from C:\WINDOWS\System32\shcore.dll
[0607/001103.489:ERROR:process_memory_win.cc(73)] ReadMemory at 0x7ffe032c0000 of 64 bytes failed: Only part of a ReadProcessMemory or WriteProcessMemory request was completed. (0x12B)
[0607/001103.489:WARNING:pe_image_reader.cc(340)] could not read dos header from C:\WINDOWS\System32\shcore.dll
[0607/001103.489:ERROR:process_memory_win.cc(73)] ReadMemory at 0x7ffe00620000 of 64 bytes failed: Only part of a ReadProcessMemory or WriteProcessMemory request was completed. (0x12B)
[0607/001103.489:WARNING:pe_image_reader.cc(340)] could not read dos header from C:\WINDOWS\SYSTEM32\SSPICLI.DLL
[0607/001103.489:ERROR:process_memory_win.cc(73)] ReadMemory at 0x7ffe00620000 of 64 bytes failed: Only part of a ReadProcessMemory or WriteProcessMemory request was completed. (0x12B)
[0607/001103.489:WARNING:pe_image_reader.cc(340)] could not read dos header from C:\WINDOWS\SYSTEM32\SSPICLI.DLL
[0607/001103.489:ERROR:process_memory_win.cc(73)] ReadMemory at 0x7ffe00170000 of 64 bytes failed: Only part of a ReadProcessMemory or WriteProcessMemory request was completed. (0x12B)
[0607/001103.489:WARNING:pe_image_reader.cc(340)] could not read dos header from C:\WINDOWS\SYSTEM32\CRYPTBASE.DLL
[0607/001103.489:ERROR:process_memory_win.cc(73)] ReadMemory at 0x7ffe00170000 of 64 bytes failed: Only part of a ReadProcessMemory or WriteProcessMemory request was completed. (0x12B)
[0607/001103.489:WARNING:pe_image_reader.cc(340)] could not read dos header from C:\WINDOWS\SYSTEM32\CRYPTBASE.DLL
[0607/001200.154:ERROR:process_memory_win.cc(73)] ReadMemory at 0x7ff71c720000 of 64 bytes failed: Only part of a ReadProcessMemory or WriteProcessMemory request was completed. (0x12B)
[0607/001200.155:WARNING:pe_image_reader.cc(340)] could not read dos header from C:\Program Files (x86)\Google\Chrome\Application\chrome.exe
[0607/001200.155:ERROR:process_memory_win.cc(73)] ReadMemory at 0x7ffe038a0000 of 64 bytes failed: Only part of a ReadProcessMemory or WriteProcessMemory request was completed. (0x12B)
[0607/001200.155:WARNING:pe_image_reader.cc(340)] could not read dos header from C:\WINDOWS\SYSTEM32\ntdll.dll
[0607/001200.155:ERROR:process_memory_win.cc(73)] ReadMemory at 0x7ffe03450000 of 64 bytes failed: Only part of a ReadProcessMemory or WriteProcessMemory request was completed. (0x12B)
[0607/001200.155:WARNING:pe_image_reader.cc(340)] could not read dos header from C:\WINDOWS\System32\KERNEL32.DLL
[0607/001200.155:ERROR:process_memory_win.cc(73)] ReadMemory at 0x7ffe00860000 of 64 bytes failed: Only part of a ReadProcessMemory or WriteProcessMemory request was completed. (0x12B)
[0607/001200.155:WARNING:pe_image_reader.cc(340)] could not read dos header from C:\WINDOWS\System32\KERNELBASE.dll
[0607/001200.155:ERROR:process_memory_win.cc(73)] ReadMemory at 0x7ffdd7620000 of 64 bytes failed: Only part of a ReadProcessMemory or WriteProcessMemory request was completed. (0x12B)
[0607/001200.155:WARNING:pe_image_reader.cc(340)] could not read dos header from C:\Program Files (x86)\Google\Chrome\Application\83.0.4103.97\chrome_elf.dll
[0607/001200.155:ERROR:process_memory_win.cc(73)] ReadMemory at 0x7ffdf30c0000 of 64 bytes failed: Only part of a ReadProcessMemory or WriteProcessMemory request was completed. (0x12B)
[0607/001200.155:WARNING:pe_image_reader.cc(340)] could not read dos header from C:\WINDOWS\SYSTEM32\VERSION.dll
[0607/001200.155:ERROR:process_memory_win.cc(73)] ReadMemory at 0x7ffe020a0000 of 64 bytes failed: Only part of a ReadProcessMemory or WriteProcessMemory request was completed. (0x12B)
[0607/001200.155:WARNING:pe_image_reader.cc(340)] could not read dos header from C:\WINDOWS\System32\msvcrt.dll
[0607/001200.155:ERROR:process_memory_win.cc(73)] ReadMemory at 0x7ffe01850000 of 64 bytes failed: Only part of a ReadProcessMemory or WriteProcessMemory request was completed. (0x12B)
[0607/001200.155:WARNING:pe_image_reader.cc(340)] could not read dos header from C:\WINDOWS\System32\bcryptPrimitives.dll
[0607/001200.156:ERROR:process_memory_win.cc(73)] ReadMemory at 0x7ffe03700000 of 64 bytes failed: Only part of a ReadProcessMemory or WriteProcessMemory request was completed. (0x12B)
[0607/001200.156:WARNING:pe_image_reader.cc(340)] could not read dos header from C:\WINDOWS\System32\ADVAPI32.dll
[0607/001200.156:ERROR:process_memory_win.cc(73)] ReadMemory at 0x7ffe03660000 of 64 bytes failed: Only part of a ReadProcessMemory or WriteProcessMemory request was completed. (0x12B)
[0607/001200.156:WARNING:pe_image_reader.cc(340)] could not read dos header from C:\WINDOWS\System32\sechost.dll
[0607/001200.156:ERROR:process_memory_win.cc(73)] ReadMemory at 0x7ffe02dd0000 of 64 bytes failed: Only part of a ReadProcessMemory or WriteProcessMemory request was completed. (0x12B)
[0607/001200.156:WARNING:pe_image_reader.cc(340)] could not read dos header from C:\WINDOWS\System32\RPCRT4.dll
[0607/001200.156:ERROR:process_memory_win.cc(73)] ReadMemory at 0x7ffda0dc0000 of 64 bytes failed: Only part of a ReadProcessMemory or WriteProcessMemory request was completed. (0x12B)
[0607/001200.156:WARNING:pe_image_reader.cc(340)] could not read dos header from C:\Program Files (x86)\Google\Chrome\Application\83.0.4103.97\chrome.dll
[0607/001200.156:ERROR:process_memory_win.cc(73)] ReadMemory at 0x7ffe033e0000 of 64 bytes failed: Only part of a ReadProcessMemory or WriteProcessMemory request was completed. (0x12B)
[0607/001200.156:WARNING:pe_image_reader.cc(340)] could not read dos header from C:\WINDOWS\System32\WS2_32.dll
[0607/001200.156:ERROR:process_memory_win.cc(73)] ReadMemory at 0x7ffe02750000 of 64 bytes failed: Only part of a ReadProcessMemory or WriteProcessMemory request was completed. (0x12B)
[0607/001200.156:WARNING:pe_image_reader.cc(340)] could not read dos header from C:\WINDOWS\System32\OLEAUT32.dll
[0607/001200.156:ERROR:process_memory_win.cc(73)] ReadMemory at 0x7ffe01290000 of 64 bytes failed: Only part of a ReadProcessMemory or WriteProcessMemory request was completed. (0x12B)
[0607/001200.156:WARNING:pe_image_reader.cc(340)] could not read dos header from C:\WINDOWS\System32\msvcp_win.dll
[0607/001200.156:ERROR:process_memory_win.cc(73)] ReadMemory at 0x7ffe014b0000 of 64 bytes failed: Only part of a ReadProcessMemory or WriteProcessMemory request was completed. (0x12B)
[0607/001200.156:WARNING:pe_image_reader.cc(340)] could not read dos header from C:\WINDOWS\System32\ucrtbase.dll
[0607/001200.157:ERROR:process_memory_win.cc(73)] ReadMemory at 0x7ffe02370000 of 64 bytes failed: Only part of a ReadProcessMemory or WriteProcessMemory request was completed. (0x12B)
[0607/001200.157:WARNING:pe_image_reader.cc(340)] could not read dos header from C:\WINDOWS\System32\combase.dll
[0607/001200.157:ERROR:process_memory_win.cc(73)] ReadMemory at 0x7ffe00800000 of 64 bytes failed: Only part of a ReadProcessMemory or WriteProcessMemory request was completed. (0x12B)
[0607/001200.157:WARNING:pe_image_reader.cc(340)] could not read dos header from C:\WINDOWS\System32\WINTRUST.dll
[0607/001200.157:ERROR:process_memory_win.cc(73)] ReadMemory at 0x7ffe007b0000 of 64 bytes failed: Only part of a ReadProcessMemory or WriteProcessMemory request was completed. (0x12B)
[0607/001200.157:WARNING:pe_image_reader.cc(340)] could not read dos header from C:\WINDOWS\System32\MSASN1.dll
[0607/001200.157:ERROR:process_memory_win.cc(73)] ReadMemory at 0x7ffe01360000 of 64 bytes failed: Only part of a ReadProcessMemory or WriteProcessMemory request was completed. (0x12B)
[0607/001200.157:WARNING:pe_image_reader.cc(340)] could not read dos header from C:\WINDOWS\System32\CRYPT32.dll
[0607/001200.157:ERROR:process_memory_win.cc(73)] ReadMemory at 0x7ffdffcb0000 of 64 bytes failed: Only part of a ReadProcessMemory or WriteProcessMemory request was completed. (0x12B)
[0607/001200.157:WARNING:pe_image_reader.cc(340)] could not read dos header from C:\WINDOWS\SYSTEM32\IPHLPAPI.DLL
[0607/001200.157:ERROR:process_memory_win.cc(73)] ReadMemory at 0x7ffdfd000000 of 64 bytes failed: Only part of a ReadProcessMemory or WriteProcessMemory request was completed. (0x12B)
[0607/001200.157:WARNING:pe_image_reader.cc(340)] could not read dos header from C:\WINDOWS\SYSTEM32\WINMM.dll
[0607/001200.157:ERROR:process_memory_win.cc(73)] ReadMemory at 0x7ffdeef40000 of 64 bytes failed: Only part of a ReadProcessMemory or WriteProcessMemory request was completed. (0x12B)
[0607/001200.157:WARNING:pe_image_reader.cc(340)] could not read dos header from C:\WINDOWS\SYSTEM32\Secur32.dll
[0607/001200.157:ERROR:process_memory_win.cc(73)] ReadMemory at 0x7ffe00650000 of 64 bytes failed: Only part of a ReadProcessMemory or WriteProcessMemory request was completed. (0x12B)
[0607/001200.157:WARNING:pe_image_reader.cc(340)] could not read dos header from C:\WINDOWS\SYSTEM32\USERENV.dll
[0607/001200.158:ERROR:process_memory_win.cc(73)] ReadMemory at 0x7ffe007d0000 of 64 bytes failed: Only part of a ReadProcessMemory or WriteProcessMemory request was completed. (0x12B)
[0607/001200.158:WARNING:pe_image_reader.cc(340)] could not read dos header from C:\WINDOWS\System32\profapi.dll
[0607/001200.158:ERROR:process_memory_win.cc(73)] ReadMemory at 0x7ffdf31f0000 of 64 bytes failed: Only part of a ReadProcessMemory or WriteProcessMemory request was completed. (0x12B)
[0607/001200.158:WARNING:pe_image_reader.cc(340)] could not read dos header from C:\WINDOWS\SYSTEM32\UIAutomationCore.DLL
[0607/001200.158:ERROR:process_memory_win.cc(73)] ReadMemory at 0x7ffdf0850000 of 64 bytes failed: Only part of a ReadProcessMemory or WriteProcessMemory request was completed. (0x12B)
[0607/001200.158:WARNING:pe_image_reader.cc(340)] could not read dos header from C:\WINDOWS\SYSTEM32\DWrite.dll
[0607/001200.158:ERROR:process_memory_win.cc(73)] ReadMemory at 0x7ffdf2d50000 of 64 bytes failed: Only part of a ReadProcessMemory or WriteProcessMemory request was completed. (0x12B)
[0607/001200.158:WARNING:pe_image_reader.cc(340)] could not read dos header from C:\WINDOWS\SYSTEM32\WINSPOOL.DRV
[0607/001200.158:ERROR:process_memory_win.cc(73)] ReadMemory at 0x7ffe00790000 of 64 bytes failed: Only part of a ReadProcessMemory or WriteProcessMemory request was completed. (0x12B)
[0607/001200.158:WARNING:pe_image_reader.cc(340)] could not read dos header from C:\WINDOWS\System32\kernel.appcore.dll
[0607/001200.158:ERROR:process_memory_win.cc(73)] ReadMemory at 0x7ffe01330000 of 64 bytes failed: Only part of a ReadProcessMemory or WriteProcessMemory request was completed. (0x12B)
[0607/001200.158:WARNING:pe_image_reader.cc(340)] could not read dos header from C:\WINDOWS\System32\bcrypt.dll
[0607/001200.158:ERROR:process_memory_win.cc(73)] ReadMemory at 0x7ffdff020000 of 64 bytes failed: Only part of a ReadProcessMemory or WriteProcessMemory request was completed. (0x12B)
[0607/001200.158:WARNING:pe_image_reader.cc(340)] could not read dos header from C:\WINDOWS\SYSTEM32\dbghelp.dll
[0607/001200.158:ERROR:process_memory_win.cc(73)] ReadMemory at 0x7ffdf5730000 of 64 bytes failed: Only part of a ReadProcessMemory or WriteProcessMemory request was completed. (0x12B)
[0607/001200.158:WARNING:pe_image_reader.cc(340)] could not read dos header from C:\WINDOWS\SYSTEM32\WINHTTP.dll
[0607/001200.159:ERROR:process_memory_win.cc(73)] ReadMemory at 0x7ffdf6380000 of 64 bytes failed: Only part of a ReadProcessMemory or WriteProcessMemory request was completed. (0x12B)
[0607/001200.159:WARNING:pe_image_reader.cc(340)] could not read dos header from C:\WINDOWS\SYSTEM32\dhcpcsvc.DLL
[0607/001200.159:ERROR:process_memory_win.cc(73)] ReadMemory at 0x7ffe03370000 of 64 bytes failed: Only part of a ReadProcessMemory or WriteProcessMemory request was completed. (0x12B)
[0607/001200.159:WARNING:pe_image_reader.cc(340)] could not read dos header from C:\WINDOWS\System32\NSI.dll
[0607/001200.159:ERROR:process_memory_win.cc(73)] ReadMemory at 0x7ffdfcfd0000 of 64 bytes failed: Only part of a ReadProcessMemory or WriteProcessMemory request was completed. (0x12B)
[0607/001200.159:WARNING:pe_image_reader.cc(340)] could not read dos header from C:\WINDOWS\SYSTEM32\WINMMBASE.dll
[0607/001200.159:ERROR:process_memory_win.cc(73)] ReadMemory at 0x7ffe01750000 of 64 bytes failed: Only part of a ReadProcessMemory or WriteProcessMemory request was completed. (0x12B)
[0607/001200.159:WARNING:pe_image_reader.cc(340)] could not read dos header from C:\WINDOWS\System32\cfgmgr32.dll
[0607/001200.159:ERROR:process_memory_win.cc(73)] ReadMemory at 0x7ffdfcce0000 of 64 bytes failed: Only part of a ReadProcessMemory or WriteProcessMemory request was completed. (0x12B)
[0607/001200.159:WARNING:pe_image_reader.cc(340)] could not read dos header from C:\WINDOWS\SYSTEM32\PROPSYS.dll
[0607/001200.159:ERROR:process_memory_win.cc(73)] ReadMemory at 0x7ffe032c0000 of 64 bytes failed: Only part of a ReadProcessMemory or WriteProcessMemory request was completed. (0x12B)
[0607/001200.159:WARNING:pe_image_reader.cc(340)] could not read dos header from C:\WINDOWS\System32\shcore.dll
[0607/001200.159:ERROR:process_memory_win.cc(73)] ReadMemory at 0x7ffe00620000 of 64 bytes failed: Only part of a ReadProcessMemory or WriteProcessMemory request was completed. (0x12B)
[0607/001200.159:WARNING:pe_image_reader.cc(340)] could not read dos header from C:\WINDOWS\SYSTEM32\SSPICLI.DLL
[0607/001200.160:ERROR:process_memory_win.cc(73)] ReadMemory at 0x7ffe00170000 of 64 bytes failed: Only part of a ReadProcessMemory or WriteProcessMemory request was completed. (0x12B)
[0607/001200.160:WARNING:pe_image_reader.cc(340)] could not read dos header from C:\WINDOWS\SYSTEM32\CRYPTBASE.DLL
[0607/001200.202:ERROR:process_memory_win.cc(73)] ReadMemory at 0x7ff71c720000 of 64 bytes failed: Only part of a ReadProcessMemory or WriteProcessMemory request was completed. (0x12B)
[0607/001200.202:WARNING:pe_image_reader.cc(340)] could not read dos header from C:\Program Files (x86)\Google\Chrome\Application\chrome.exe
[0607/001200.202:ERROR:process_memory_win.cc(73)] ReadMemory at 0x7ffe038a0000 of 64 bytes failed: Only part of a ReadProcessMemory or WriteProcessMemory request was completed. (0x12B)
[0607/001200.202:WARNING:pe_image_reader.cc(340)] could not read dos header from C:\WINDOWS\SYSTEM32\ntdll.dll
[0607/001200.202:ERROR:process_memory_win.cc(73)] ReadMemory at 0x7ffe03450000 of 64 bytes failed: Only part of a ReadProcessMemory or WriteProcessMemory request was completed. (0x12B)
[0607/001200.202:WARNING:pe_image_reader.cc(340)] could not read dos header from C:\WINDOWS\System32\KERNEL32.DLL
[0607/001200.202:ERROR:process_memory_win.cc(73)] ReadMemory at 0x7ffe00860000 of 64 bytes failed: Only part of a ReadProcessMemory or WriteProcessMemory request was completed. (0x12B)
[0607/001200.202:WARNING:pe_image_reader.cc(340)] could not read dos header from C:\WINDOWS\System32\KERNELBASE.dll
[0607/001200.202:ERROR:process_memory_win.cc(73)] ReadMemory at 0x7ffdd7620000 of 64 bytes failed: Only part of a ReadProcessMemory or WriteProcessMemory request was completed. (0x12B)
[0607/001200.202:WARNING:pe_image_reader.cc(340)] could not read dos header from C:\Program Files (x86)\Google\Chrome\Application\83.0.4103.97\chrome_elf.dll
[0607/001200.202:ERROR:process_memory_win.cc(73)] ReadMemory at 0x7ffdf30c0000 of 64 bytes failed: Only part of a ReadProcessMemory or WriteProcessMemory request was completed. (0x12B)
[0607/001200.202:WARNING:pe_image_reader.cc(340)] could not read dos header from C:\WINDOWS\SYSTEM32\VERSION.dll
[0607/001200.202:ERROR:process_memory_win.cc(73)] ReadMemory at 0x7ffe020a0000 of 64 bytes failed: Only part of a ReadProcessMemory or WriteProcessMemory request was completed. (0x12B)
[0607/001200.202:WARNING:pe_image_reader.cc(340)] could not read dos header from C:\WINDOWS\System32\msvcrt.dll
[0607/001200.203:ERROR:process_memory_win.cc(73)] ReadMemory at 0x7ffe01850000 of 64 bytes failed: Only part of a ReadProcessMemory or WriteProcessMemory request was completed. (0x12B)
[0607/001200.203:WARNING:pe_image_reader.cc(340)] could not read dos header from C:\WINDOWS\System32\bcryptPrimitives.dll
[0607/001200.203:ERROR:process_memory_win.cc(73)] ReadMemory at 0x7ffe03700000 of 64 bytes failed: Only part of a ReadProcessMemory or WriteProcessMemory request was completed. (0x12B)
[0607/001200.203:WARNING:pe_image_reader.cc(340)] could not read dos header from C:\WINDOWS\System32\ADVAPI32.dll
[0607/001200.203:ERROR:process_memory_win.cc(73)] ReadMemory at 0x7ffe03660000 of 64 bytes failed: Only part of a ReadProcessMemory or WriteProcessMemory request was completed. (0x12B)
[0607/001200.203:WARNING:pe_image_reader.cc(340)] could not read dos header from C:\WINDOWS\System32\sechost.dll
[0607/001200.203:ERROR:process_memory_win.cc(73)] ReadMemory at 0x7ffe02dd0000 of 64 bytes failed: Only part of a ReadProcessMemory or WriteProcessMemory request was completed. (0x12B)
[0607/001200.203:WARNING:pe_image_reader.cc(340)] could not read dos header from C:\WINDOWS\System32\RPCRT4.dll
[0607/001200.203:ERROR:process_memory_win.cc(73)] ReadMemory at 0x7ffda0dc0000 of 64 bytes failed: Only part of a ReadProcessMemory or WriteProcessMemory request was completed. (0x12B)
[0607/001200.203:WARNING:pe_image_reader.cc(340)] could not read dos header from C:\Program Files (x86)\Google\Chrome\Application\83.0.4103.97\chrome.dll
[0607/001200.203:ERROR:process_memory_win.cc(73)] ReadMemory at 0x7ffe033e0000 of 64 bytes failed: Only part of a ReadProcessMemory or WriteProcessMemory request was completed. (0x12B)
[0607/001200.203:WARNING:pe_image_reader.cc(340)] could not read dos header from C:\WINDOWS\System32\WS2_32.dll
[0607/001200.203:ERROR:process_memory_win.cc(73)] ReadMemory at 0x7ffe02750000 of 64 bytes failed: Only part of a ReadProcessMemory or WriteProcessMemory request was completed. (0x12B)
[0607/001200.203:WARNING:pe_image_reader.cc(340)] could not read dos header from C:\WINDOWS\System32\OLEAUT32.dll
[0607/001200.204:ERROR:process_memory_win.cc(73)] ReadMemory at 0x7ffe01290000 of 64 bytes failed: Only part of a ReadProcessMemory or WriteProcessMemory request was completed. (0x12B)
[0607/001200.204:WARNING:pe_image_reader.cc(340)] could not read dos header from C:\WINDOWS\System32\msvcp_win.dll
[0607/001200.204:ERROR:process_memory_win.cc(73)] ReadMemory at 0x7ffe014b0000 of 64 bytes failed: Only part of a ReadProcessMemory or WriteProcessMemory request was completed. (0x12B)
[0607/001200.204:WARNING:pe_image_reader.cc(340)] could not read dos header from C:\WINDOWS\System32\ucrtbase.dll
[0607/001200.204:ERROR:process_memory_win.cc(73)] ReadMemory at 0x7ffe02370000 of 64 bytes failed: Only part of a ReadProcessMemory or WriteProcessMemory request was completed. (0x12B)
[0607/001200.204:WARNING:pe_image_reader.cc(340)] could not read dos header from C:\WINDOWS\System32\combase.dll
[0607/001200.204:ERROR:process_memory_win.cc(73)] ReadMemory at 0x7ffe00800000 of 64 bytes failed: Only part of a ReadProcessMemory or WriteProcessMemory request was completed. (0x12B)
[0607/001200.204:WARNING:pe_image_reader.cc(340)] could not read dos header from C:\WINDOWS\System32\WINTRUST.dll
[0607/001200.204:ERROR:process_memory_win.cc(73)] ReadMemory at 0x7ffe007b0000 of 64 bytes failed: Only part of a ReadProcessMemory or WriteProcessMemory request was completed. (0x12B)
[0607/001200.204:WARNING:pe_image_reader.cc(340)] could not read dos header from C:\WINDOWS\System32\MSASN1.dll
[0607/001200.204:ERROR:process_memory_win.cc(73)] ReadMemory at 0x7ffe01360000 of 64 bytes failed: Only part of a ReadProcessMemory or WriteProcessMemory request was completed. (0x12B)
[0607/001200.204:WARNING:pe_image_reader.cc(340)] could not read dos header from C:\WINDOWS\System32\CRYPT32.dll
[0607/001200.204:ERROR:process_memory_win.cc(73)] ReadMemory at 0x7ffdffcb0000 of 64 bytes failed: Only part of a ReadProcessMemory or WriteProcessMemory request was completed. (0x12B)
[0607/001200.204:WARNING:pe_image_reader.cc(340)] could not read dos header from C:\WINDOWS\SYSTEM32\IPHLPAPI.DLL
[0607/001200.204:ERROR:process_memory_win.cc(73)] ReadMemory at 0x7ffdfd000000 of 64 bytes failed: Only part of a ReadProcessMemory or WriteProcessMemory request was completed. (0x12B)
[0607/001200.204:WARNING:pe_image_reader.cc(340)] could not read dos header from C:\WINDOWS\SYSTEM32\WINMM.dll
[0607/001200.205:ERROR:process_memory_win.cc(73)] ReadMemory at 0x7ffdeef40000 of 64 bytes failed: Only part of a ReadProcessMemory or WriteProcessMemory request was completed. (0x12B)
[0607/001200.205:WARNING:pe_image_reader.cc(340)] could not read dos header from C:\WINDOWS\SYSTEM32\Secur32.dll
[0607/001200.205:ERROR:process_memory_win.cc(73)] ReadMemory at 0x7ffe00650000 of 64 bytes failed: Only part of a ReadProcessMemory or WriteProcessMemory request was completed. (0x12B)
[0607/001200.205:WARNING:pe_image_reader.cc(340)] could not read dos header from C:\WINDOWS\SYSTEM32\USERENV.dll
[0607/001200.205:ERROR:process_memory_win.cc(73)] ReadMemory at 0x7ffe007d0000 of 64 bytes failed: Only part of a ReadProcessMemory or WriteProcessMemory request was completed. (0x12B)
[0607/001200.205:WARNING:pe_image_reader.cc(340)] could not read dos header from C:\WINDOWS\System32\profapi.dll
[0607/001200.205:ERROR:process_memory_win.cc(73)] ReadMemory at 0x7ffdf31f0000 of 64 bytes failed: Only part of a ReadProcessMemory or WriteProcessMemory request was completed. (0x12B)
[0607/001200.205:WARNING:pe_image_reader.cc(340)] could not read dos header from C:\WINDOWS\SYSTEM32\UIAutomationCore.DLL
[0607/001200.205:ERROR:process_memory_win.cc(73)] ReadMemory at 0x7ffdf0850000 of 64 bytes failed: Only part of a ReadProcessMemory or WriteProcessMemory request was completed. (0x12B)
[0607/001200.205:WARNING:pe_image_reader.cc(340)] could not read dos header from C:\WINDOWS\SYSTEM32\DWrite.dll
[0607/001200.205:ERROR:process_memory_win.cc(73)] ReadMemory at 0x7ffdf2d50000 of 64 bytes failed: Only part of a ReadProcessMemory or WriteProcessMemory request was completed. (0x12B)
[0607/001200.205:WARNING:pe_image_reader.cc(340)] could not read dos header from C:\WINDOWS\SYSTEM32\WINSPOOL.DRV
[0607/001200.205:ERROR:process_memory_win.cc(73)] ReadMemory at 0x7ffe00790000 of 64 bytes failed: Only part of a ReadProcessMemory or WriteProcessMemory request was completed. (0x12B)
[0607/001200.205:WARNING:pe_image_reader.cc(340)] could not read dos header from C:\WINDOWS\System32\kernel.appcore.dll
[0607/001200.205:ERROR:process_memory_win.cc(73)] ReadMemory at 0x7ffe01330000 of 64 bytes failed: Only part of a ReadProcessMemory or WriteProcessMemory request was completed. (0x12B)
[0607/001200.206:WARNING:pe_image_reader.cc(340)] could not read dos header from C:\WINDOWS\System32\bcrypt.dll
[0607/001200.206:ERROR:process_memory_win.cc(73)] ReadMemory at 0x7ffdff020000 of 64 bytes failed: Only part of a ReadProcessMemory or WriteProcessMemory request was completed. (0x12B)
[0607/001200.206:WARNING:pe_image_reader.cc(340)] could not read dos header from C:\WINDOWS\SYSTEM32\dbghelp.dll
[0607/001200.206:ERROR:process_memory_win.cc(73)] ReadMemory at 0x7ffdf5730000 of 64 bytes failed: Only part of a ReadProcessMemory or WriteProcessMemory request was completed. (0x12B)
[0607/001200.206:WARNING:pe_image_reader.cc(340)] could not read dos header from C:\WINDOWS\SYSTEM32\WINHTTP.dll
[0607/001200.206:ERROR:process_memory_win.cc(73)] ReadMemory at 0x7ffdf6380000 of 64 bytes failed: Only part of a ReadProcessMemory or WriteProcessMemory request was completed. (0x12B)
[0607/001200.206:WARNING:pe_image_reader.cc(340)] could not read dos header from C:\WINDOWS\SYSTEM32\dhcpcsvc.DLL
[0607/001200.206:ERROR:process_memory_win.cc(73)] ReadMemory at 0x7ffe03370000 of 64 bytes failed: Only part of a ReadProcessMemory or WriteProcessMemory request was completed. (0x12B)
[0607/001200.206:WARNING:pe_image_reader.cc(340)] could not read dos header from C:\WINDOWS\System32\NSI.dll
[0607/001200.206:ERROR:process_memory_win.cc(73)] ReadMemory at 0x7ffdfcfd0000 of 64 bytes failed: Only part of a ReadProcessMemory or WriteProcessMemory request was completed. (0x12B)
[0607/001200.206:WARNING:pe_image_reader.cc(340)] could not read dos header from C:\WINDOWS\SYSTEM32\WINMMBASE.dll
[0607/001200.206:ERROR:process_memory_win.cc(73)] ReadMemory at 0x7ffe01750000 of 64 bytes failed: Only part of a ReadProcessMemory or WriteProcessMemory request was completed. (0x12B)
[0607/001200.206:WARNING:pe_image_reader.cc(340)] could not read dos header from C:\WINDOWS\System32\cfgmgr32.dll
[0607/001200.206:ERROR:process_memory_win.cc(73)] ReadMemory at 0x7ffdfcce0000 of 64 bytes failed: Only part of a ReadProcessMemory or WriteProcessMemory request was completed. (0x12B)
[0607/001200.206:WARNING:pe_image_reader.cc(340)] could not read dos header from C:\WINDOWS\SYSTEM32\PROPSYS.dll
[0607/001200.207:ERROR:process_memory_win.cc(73)] ReadMemory at 0x7ffe032c0000 of 64 bytes failed: Only part of a ReadProcessMemory or WriteProcessMemory request was completed. (0x12B)
[0607/001200.207:WARNING:pe_image_reader.cc(340)] could not read dos header from C:\WINDOWS\System32\shcore.dll
[0607/001200.207:ERROR:process_memory_win.cc(73)] ReadMemory at 0x7ffe00620000 of 64 bytes failed: Only part of a ReadProcessMemory or WriteProcessMemory request was completed. (0x12B)
[0607/001200.207:WARNING:pe_image_reader.cc(340)] could not read dos header from C:\WINDOWS\SYSTEM32\SSPICLI.DLL
[0607/001200.207:ERROR:process_memory_win.cc(73)] ReadMemory at 0x7ffe00170000 of 64 bytes failed: Only part of a ReadProcessMemory or WriteProcessMemory request was completed. (0x12B)
[0607/001200.207:WARNING:pe_image_reader.cc(340)] could not read dos header from C:\WINDOWS\SYSTEM32\CRYPTBASE.DLL
[0607/001200.207:ERROR:process_memory_win.cc(73)] ReadMemory at 0x7ff71c720000 of 64 bytes failed: Only part of a ReadProcessMemory or WriteProcessMemory request was completed. (0x12B)
[0607/001200.207:WARNING:pe_image_reader.cc(340)] could not read dos header from C:\Program Files (x86)\Google\Chrome\Application\chrome.exe
[0607/001200.207:ERROR:process_memory_win.cc(73)] ReadMemory at 0x7ffe038a0000 of 64 bytes failed: Only part of a ReadProcessMemory or WriteProcessMemory request was completed. (0x12B)
[0607/001200.207:WARNING:pe_image_reader.cc(340)] could not read dos header from C:\WINDOWS\SYSTEM32\ntdll.dll
[0607/001200.207:ERROR:process_memory_win.cc(73)] ReadMemory at 0x7ffe03450000 of 64 bytes failed: Only part of a ReadProcessMemory or WriteProcessMemory request was completed. (0x12B)
[0607/001200.207:WARNING:pe_image_reader.cc(340)] could not read dos header from C:\WINDOWS\System32\KERNEL32.DLL
[0607/001200.207:ERROR:process_memory_win.cc(73)] ReadMemory at 0x7ffe00860000 of 64 bytes failed: Only part of a ReadProcessMemory or WriteProcessMemory request was completed. (0x12B)
[0607/001200.207:WARNING:pe_image_reader.cc(340)] could not read dos header from C:\WINDOWS\System32\KERNELBASE.dll
[0607/001200.207:ERROR:process_memory_win.cc(73)] ReadMemory at 0x7ffdd7620000 of 64 bytes failed: Only part of a ReadProcessMemory or WriteProcessMemory request was completed. (0x12B)
[0607/001200.207:WARNING:pe_image_reader.cc(340)] could not read dos header from C:\Program Files (x86)\Google\Chrome\Application\83.0.4103.97\chrome_elf.dll
[0607/001200.208:ERROR:process_memory_win.cc(73)] ReadMemory at 0x7ffdf30c0000 of 64 bytes failed: Only part of a ReadProcessMemory or WriteProcessMemory request was completed. (0x12B)
[0607/001200.208:WARNING:pe_image_reader.cc(340)] could not read dos header from C:\WINDOWS\SYSTEM32\VERSION.dll
[0607/001200.208:ERROR:process_memory_win.cc(73)] ReadMemory at 0x7ffe020a0000 of 64 bytes failed: Only part of a ReadProcessMemory or WriteProcessMemory request was completed. (0x12B)
[0607/001200.208:WARNING:pe_image_reader.cc(340)] could not read dos header from C:\WINDOWS\System32\msvcrt.dll
[0607/001200.208:ERROR:process_memory_win.cc(73)] ReadMemory at 0x7ffe01850000 of 64 bytes failed: Only part of a ReadProcessMemory or WriteProcessMemory request was completed. (0x12B)
[0607/001200.208:WARNING:pe_image_reader.cc(340)] could not read dos header from C:\WINDOWS\System32\bcryptPrimitives.dll
[0607/001200.208:ERROR:process_memory_win.cc(73)] ReadMemory at 0x7ffe03700000 of 64 bytes failed: Only part of a ReadProcessMemory or WriteProcessMemory request was completed. (0x12B)
[0607/001200.208:WARNING:pe_image_reader.cc(340)] could not read dos header from C:\WINDOWS\System32\ADVAPI32.dll
[0607/001200.208:ERROR:process_memory_win.cc(73)] ReadMemory at 0x7ffe03660000 of 64 bytes failed: Only part of a ReadProcessMemory or WriteProcessMemory request was completed. (0x12B)
[0607/001200.208:WARNING:pe_image_reader.cc(340)] could not read dos header from C:\WINDOWS\System32\sechost.dll
[0607/001200.208:ERROR:process_memory_win.cc(73)] ReadMemory at 0x7ffe02dd0000 of 64 bytes failed: Only part of a ReadProcessMemory or WriteProcessMemory request was completed. (0x12B)
[0607/001200.208:WARNING:pe_image_reader.cc(340)] could not read dos header from C:\WINDOWS\System32\RPCRT4.dll
[0607/001200.208:ERROR:process_memory_win.cc(73)] ReadMemory at 0x7ffda0dc0000 of 64 bytes failed: Only part of a ReadProcessMemory or WriteProcessMemory request was completed. (0x12B)
[0607/001200.208:WARNING:pe_image_reader.cc(340)] could not read dos header from C:\Program Files (x86)\Google\Chrome\Application\83.0.4103.97\chrome.dll
[0607/001200.209:ERROR:process_memory_win.cc(73)] ReadMemory at 0x7ffe033e0000 of 64 bytes failed: Only part of a ReadProcessMemory or WriteProcessMemory request was completed. (0x12B)
[0607/001200.209:WARNING:pe_image_reader.cc(340)] could not read dos header from C:\WINDOWS\System32\WS2_32.dll
[0607/001200.209:ERROR:process_memory_win.cc(73)] ReadMemory at 0x7ffe02750000 of 64 bytes failed: Only part of a ReadProcessMemory or WriteProcessMemory request was completed. (0x12B)
[0607/001200.209:WARNING:pe_image_reader.cc(340)] could not read dos header from C:\WINDOWS\System32\OLEAUT32.dll
[0607/001200.209:ERROR:process_memory_win.cc(73)] ReadMemory at 0x7ffe01290000 of 64 bytes failed: Only part of a ReadProcessMemory or WriteProcessMemory request was completed. (0x12B)
[0607/001200.209:WARNING:pe_image_reader.cc(340)] could not read dos header from C:\WINDOWS\System32\msvcp_win.dll
[0607/001200.209:ERROR:process_memory_win.cc(73)] ReadMemory at 0x7ffe014b0000 of 64 bytes failed: Only part of a ReadProcessMemory or WriteProcessMemory request was completed. (0x12B)
[0607/001200.209:WARNING:pe_image_reader.cc(340)] could not read dos header from C:\WINDOWS\System32\ucrtbase.dll
[0607/001200.209:ERROR:process_memory_win.cc(73)] ReadMemory at 0x7ffe02370000 of 64 bytes failed: Only part of a ReadProcessMemory or WriteProcessMemory request was completed. (0x12B)
[0607/001200.209:WARNING:pe_image_reader.cc(340)] could not read dos header from C:\WINDOWS\System32\combase.dll
[0607/001200.209:ERROR:process_memory_win.cc(73)] ReadMemory at 0x7ffe00800000 of 64 bytes failed: Only part of a ReadProcessMemory or WriteProcessMemory request was completed. (0x12B)
[0607/001200.209:WARNING:pe_image_reader.cc(340)] could not read dos header from C:\WINDOWS\System32\WINTRUST.dll
[0607/001200.209:ERROR:process_memory_win.cc(73)] ReadMemory at 0x7ffe007b0000 of 64 bytes failed: Only part of a ReadProcessMemory or WriteProcessMemory request was completed. (0x12B)
[0607/001200.209:WARNING:pe_image_reader.cc(340)] could not read dos header from C:\WINDOWS\System32\MSASN1.dll
[0607/001200.209:ERROR:process_memory_win.cc(73)] ReadMemory at 0x7ffe01360000 of 64 bytes failed: Only part of a ReadProcessMemory or WriteProcessMemory request was completed. (0x12B)
[0607/001200.209:WARNING:pe_image_reader.cc(340)] could not read dos header from C:\WINDOWS\System32\CRYPT32.dll
[0607/001200.210:ERROR:process_memory_win.cc(73)] ReadMemory at 0x7ffdffcb0000 of 64 bytes failed: Only part of a ReadProcessMemory or WriteProcessMemory request was completed. (0x12B)
[0607/001200.210:WARNING:pe_image_reader.cc(340)] could not read dos header from C:\WINDOWS\SYSTEM32\IPHLPAPI.DLL
[0607/001200.210:ERROR:process_memory_win.cc(73)] ReadMemory at 0x7ffdfd000000 of 64 bytes failed: Only part of a ReadProcessMemory or WriteProcessMemory request was completed. (0x12B)
[0607/001200.210:WARNING:pe_image_reader.cc(340)] could not read dos header from C:\WINDOWS\SYSTEM32\WINMM.dll
[0607/001200.210:ERROR:process_memory_win.cc(73)] ReadMemory at 0x7ffdeef40000 of 64 bytes failed: Only part of a ReadProcessMemory or WriteProcessMemory request was completed. (0x12B)
[0607/001200.210:WARNING:pe_image_reader.cc(340)] could not read dos header from C:\WINDOWS\SYSTEM32\Secur32.dll
[0607/001200.210:ERROR:process_memory_win.cc(73)] ReadMemory at 0x7ffe00650000 of 64 bytes failed: Only part of a ReadProcessMemory or WriteProcessMemory request was completed. (0x12B)
[0607/001200.210:WARNING:pe_image_reader.cc(340)] could not read dos header from C:\WINDOWS\SYSTEM32\USERENV.dll
[0607/001200.210:ERROR:process_memory_win.cc(73)] ReadMemory at 0x7ffe007d0000 of 64 bytes failed: Only part of a ReadProcessMemory or WriteProcessMemory request was completed. (0x12B)
[0607/001200.210:WARNING:pe_image_reader.cc(340)] could not read dos header from C:\WINDOWS\System32\profapi.dll
[0607/001200.210:ERROR:process_memory_win.cc(73)] ReadMemory at 0x7ffdf31f0000 of 64 bytes failed: Only part of a ReadProcessMemory or WriteProcessMemory request was completed. (0x12B)
[0607/001200.210:WARNING:pe_image_reader.cc(340)] could not read dos header from C:\WINDOWS\SYSTEM32\UIAutomationCore.DLL
[0607/001200.210:ERROR:process_memory_win.cc(73)] ReadMemory at 0x7ffdf0850000 of 64 bytes failed: Only part of a ReadProcessMemory or WriteProcessMemory request was completed. (0x12B)
[0607/001200.210:WARNING:pe_image_reader.cc(340)] could not read dos header from C:\WINDOWS\SYSTEM32\DWrite.dll
[0607/001200.210:ERROR:process_memory_win.cc(73)] ReadMemory at 0x7ffdf2d50000 of 64 bytes failed: Only part of a ReadProcessMemory or WriteProcessMemory request was completed. (0x12B)
[0607/001200.211:WARNING:pe_image_reader.cc(340)] could not read dos header from C:\WINDOWS\SYSTEM32\WINSPOOL.DRV
[0607/001200.211:ERROR:process_memory_win.cc(73)] ReadMemory at 0x7ffe00790000 of 64 bytes failed: Only part of a ReadProcessMemory or WriteProcessMemory request was completed. (0x12B)
[0607/001200.211:WARNING:pe_image_reader.cc(340)] could not read dos header from C:\WINDOWS\System32\kernel.appcore.dll
[0607/001200.211:ERROR:process_memory_win.cc(73)] ReadMemory at 0x7ffe01330000 of 64 bytes failed: Only part of a ReadProcessMemory or WriteProcessMemory request was completed. (0x12B)
[0607/001200.211:WARNING:pe_image_reader.cc(340)] could not read dos header from C:\WINDOWS\System32\bcrypt.dll
[0607/001200.211:ERROR:process_memory_win.cc(73)] ReadMemory at 0x7ffdff020000 of 64 bytes failed: Only part of a ReadProcessMemory or WriteProcessMemory request was completed. (0x12B)
[0607/001200.211:WARNING:pe_image_reader.cc(340)] could not read dos header from C:\WINDOWS\SYSTEM32\dbghelp.dll
[0607/001200.211:ERROR:process_memory_win.cc(73)] ReadMemory at 0x7ffdf5730000 of 64 bytes failed: Only part of a ReadProcessMemory or WriteProcessMemory request was completed. (0x12B)
[0607/001200.211:WARNING:pe_image_reader.cc(340)] could not read dos header from C:\WINDOWS\SYSTEM32\WINHTTP.dll
[0607/001200.211:ERROR:process_memory_win.cc(73)] ReadMemory at 0x7ffdf6380000 of 64 bytes failed: Only part of a ReadProcessMemory or WriteProcessMemory request was completed. (0x12B)
[0607/001200.211:WARNING:pe_image_reader.cc(340)] could not read dos header from C:\WINDOWS\SYSTEM32\dhcpcsvc.DLL
[0607/001200.211:ERROR:process_memory_win.cc(73)] ReadMemory at 0x7ffe03370000 of 64 bytes failed: Only part of a ReadProcessMemory or WriteProcessMemory request was completed. (0x12B)
[0607/001200.211:WARNING:pe_image_reader.cc(340)] could not read dos header from C:\WINDOWS\System32\NSI.dll
[0607/001200.211:ERROR:process_memory_win.cc(73)] ReadMemory at 0x7ffdfcfd0000 of 64 bytes failed: Only part of a ReadProcessMemory or WriteProcessMemory request was completed. (0x12B)
[0607/001200.211:WARNING:pe_image_reader.cc(340)] could not read dos header from C:\WINDOWS\SYSTEM32\WINMMBASE.dll
[0607/001200.212:ERROR:process_memory_win.cc(73)] ReadMemory at 0x7ffe01750000 of 64 bytes failed: Only part of a ReadProcessMemory or WriteProcessMemory request was completed. (0x12B)
[0607/001200.212:WARNING:pe_image_reader.cc(340)] could not read dos header from C:\WINDOWS\System32\cfgmgr32.dll
[0607/001200.212:ERROR:process_memory_win.cc(73)] ReadMemory at 0x7ffdfcce0000 of 64 bytes failed: Only part of a ReadProcessMemory or WriteProcessMemory request was completed. (0x12B)
[0607/001200.212:WARNING:pe_image_reader.cc(340)] could not read dos header from C:\WINDOWS\SYSTEM32\PROPSYS.dll
[0607/001200.212:ERROR:process_memory_win.cc(73)] ReadMemory at 0x7ffe032c0000 of 64 bytes failed: Only part of a ReadProcessMemory or WriteProcessMemory request was completed. (0x12B)
[0607/001200.212:WARNING:pe_image_reader.cc(340)] could not read dos header from C:\WINDOWS\System32\shcore.dll
[0607/001200.212:ERROR:process_memory_win.cc(73)] ReadMemory at 0x7ffe00620000 of 64 bytes failed: Only part of a ReadProcessMemory or WriteProcessMemory request was completed. (0x12B)
[0607/001200.212:WARNING:pe_image_reader.cc(340)] could not read dos header from C:\WINDOWS\SYSTEM32\SSPICLI.DLL
[0607/001200.212:ERROR:process_memory_win.cc(73)] ReadMemory at 0x7ffe00170000 of 64 bytes failed: Only part of a ReadProcessMemory or WriteProcessMemory request was completed. (0x12B)
[0607/001200.212:WARNING:pe_image_reader.cc(340)] could not read dos header from C:\WINDOWS\SYSTEM32\CRYPTBASE.DLL
[0607/001200.321:ERROR:process_memory_win.cc(73)] ReadMemory at 0x6af87ea000 of 90112 bytes failed: Only part of a ReadProcessMemory or WriteProcessMemory request was completed. (0x12B)
[0607/001200.321:ERROR:process_memory_win.cc(73)] ReadMemory at 0x6af8ffd000 of 12288 bytes failed: Only part of a ReadProcessMemory or WriteProcessMemory request was completed. (0x12B)
[0607/001200.347:ERROR:process_memory_win.cc(73)] ReadMemory at 0x6af9ffc000 of 16384 bytes failed: Only part of a ReadProcessMemory or WriteProcessMemory request was completed. (0x12B)
[0607/001200.348:ERROR:process_memory_win.cc(73)] ReadMemory at 0x6afa7fb000 of 20480 bytes failed: Only part of a ReadProcessMemory or WriteProcessMemory request was completed. (0x12B)
[0607/001200.348:ERROR:process_memory_win.cc(73)] ReadMemory at 0x6afaffe000 of 8192 bytes failed: Only part of a ReadProcessMemory or WriteProcessMemory request was completed. (0x12B)
[0607/001200.348:ERROR:process_memory_win.cc(73)] ReadMemory at 0x6afb7fd000 of 12288 bytes failed: Only part of a ReadProcessMemory or WriteProcessMemory request was completed. (0x12B)
[0607/001200.348:ERROR:process_memory_win.cc(73)] ReadMemory at 0x6afbffb000 of 20480 bytes failed: Only part of a ReadProcessMemory or WriteProcessMemory request was completed. (0x12B)
[0607/001200.348:ERROR:process_memory_win.cc(73)] ReadMemory at 0x6afcffd000 of 12288 bytes failed: Only part of a ReadProcessMemory or WriteProcessMemory request was completed. (0x12B)
[0607/001200.348:ERROR:process_memory_win.cc(73)] ReadMemory at 0x6afd7f5000 of 45056 bytes failed: Only part of a ReadProcessMemory or WriteProcessMemory request was completed. (0x12B)
[0607/001200.349:ERROR:process_memory_win.cc(73)] ReadMemory at 0x6afdff5000 of 45056 bytes failed: Only part of a ReadProcessMemory or WriteProcessMemory request was completed. (0x12B)
[0607/001200.349:ERROR:process_memory_win.cc(73)] ReadMemory at 0x6afe7fd000 of 12288 bytes failed: Only part of a ReadProcessMemory or WriteProcessMemory request was completed. (0x12B)
[0607/001200.349:ERROR:process_memory_win.cc(73)] ReadMemory at 0x6afc7fd000 of 12288 bytes failed: Only part of a ReadProcessMemory or WriteProcessMemory request was completed. (0x12B)
[0607/001200.349:ERROR:process_memory_win.cc(73)] ReadMemory at 0x6afeffc000 of 16384 bytes failed: Only part of a ReadProcessMemory or WriteProcessMemory request was completed. (0x12B)
[0607/001200.349:ERROR:process_memory_win.cc(73)] ReadMemory at 0x6af97ff000 of 4096 bytes failed: Only part of a ReadProcessMemory or WriteProcessMemory request was completed. (0x12B)
[0607/001200.385:ERROR:process_memory_win.cc(73)] ReadMemory at 0x6af7ed2000 of 852 bytes failed: Only part of a ReadProcessMemory or WriteProcessMemory request was completed. (0x12B)
[0607/001200.385:ERROR:process_memory_win.cc(73)] ReadMemory at 0x6af7ed3000 of 6024 bytes failed: Only part of a ReadProcessMemory or WriteProcessMemory request was completed. (0x12B)
[0607/001200.385:ERROR:process_memory_win.cc(73)] ReadMemory at 0x6af7ed5000 of 6024 bytes failed: Only part of a ReadProcessMemory or WriteProcessMemory request was completed. (0x12B)
[0607/001200.385:ERROR:process_memory_win.cc(73)] ReadMemory at 0x6af7ed9000 of 6024 bytes failed: Only part of a ReadProcessMemory or WriteProcessMemory request was completed. (0x12B)
[0607/001200.385:ERROR:process_memory_win.cc(73)] ReadMemory at 0x6af7edb000 of 6024 bytes failed: Only part of a ReadProcessMemory or WriteProcessMemory request was completed. (0x12B)
[0607/001200.385:ERROR:process_memory_win.cc(73)] ReadMemory at 0x6af7edd000 of 6024 bytes failed: Only part of a ReadProcessMemory or WriteProcessMemory request was completed. (0x12B)
[0607/001200.517:ERROR:process_memory_win.cc(73)] ReadMemory at 0x6af7edf000 of 6024 bytes failed: Only part of a ReadProcessMemory or WriteProcessMemory request was completed. (0x12B)
[0607/001200.517:ERROR:process_memory_win.cc(73)] ReadMemory at 0x6af7ee1000 of 6024 bytes failed: Only part of a ReadProcessMemory or WriteProcessMemory request was completed. (0x12B)
[0607/001200.517:ERROR:process_memory_win.cc(73)] ReadMemory at 0x6af7ee5000 of 6024 bytes failed: Only part of a ReadProcessMemory or WriteProcessMemory request was completed. (0x12B)
[0607/001200.517:ERROR:process_memory_win.cc(73)] ReadMemory at 0x6af7ee7000 of 6024 bytes failed: Only part of a ReadProcessMemory or WriteProcessMemory request was completed. (0x12B)
[0607/001200.517:ERROR:process_memory_win.cc(73)] ReadMemory at 0x6af7ee9000 of 6024 bytes failed: Only part of a ReadProcessMemory or WriteProcessMemory request was completed. (0x12B)
[0607/001200.517:ERROR:process_memory_win.cc(73)] ReadMemory at 0x6af7eeb000 of 6024 bytes failed: Only part of a ReadProcessMemory or WriteProcessMemory request was completed. (0x12B)
[0607/001200.517:ERROR:process_memory_win.cc(73)] ReadMemory at 0x6af7ef1000 of 6024 bytes failed: Only part of a ReadProcessMemory or WriteProcessMemory request was completed. (0x12B)
[0607/001200.518:ERROR:process_memory_win.cc(73)] ReadMemory at 0x6af7f9d000 of 6024 bytes failed: Only part of a ReadProcessMemory or WriteProcessMemory request was completed. (0x12B)
[0607/001200.518:ERROR:process_memory_win.cc(73)] ReadMemory at 0x6af7fa3000 of 6024 bytes failed: Only part of a ReadProcessMemory or WriteProcessMemory request was completed. (0x12B)
[0607/001200.518:ERROR:process_memory_win.cc(73)] ReadMemory at 0x24c00fae4c0 of 512 bytes failed: Only part of a ReadProcessMemory or WriteProcessMemory request was completed. (0x12B)
[0607/001200.518:ERROR:process_memory_win.cc(73)] ReadMemory at 0x24c00fae880 of 512 bytes failed: Only part of a ReadProcessMemory or WriteProcessMemory request was completed. (0x12B)
[0607/001200.518:ERROR:process_memory_win.cc(73)] ReadMemory at 0x24c00faebe0 of 512 bytes failed: Only part of a ReadProcessMemory or WriteProcessMemory request was completed. (0x12B)
[0607/001200.518:ERROR:process_memory_win.cc(73)] ReadMemory at 0x24c014c18f0 of 512 bytes failed: Only part of a ReadProcessMemory or WriteProcessMemory request was completed. (0x12B)
[0607/001200.518:ERROR:process_memory_win.cc(73)] ReadMemory at 0x24c337b4920 of 512 bytes failed: Only part of a ReadProcessMemory or WriteProcessMemory request was completed. (0x12B)
[0607/001200.519:ERROR:process_memory_win.cc(73)] ReadMemory at 0x24c337b7d38 of 512 bytes failed: Only part of a ReadProcessMemory or WriteProcessMemory request was completed. (0x12B)
[0607/001200.551:ERROR:process_memory_win.cc(73)] ReadMemory at 0x24c6bb00fe0 of 17338 bytes failed: Only part of a ReadProcessMemory or WriteProcessMemory request was completed. (0x12B)
[0607/001200.552:ERROR:process_memory_win.cc(73)] ReadMemory at 0x24c6bb053b0 of 1012 bytes failed: Only part of a ReadProcessMemory or WriteProcessMemory request was completed. (0x12B)
[0607/001200.552:ERROR:process_memory_win.cc(73)] ReadMemory at 0x24c6bb059f8 of 118 bytes failed: Only part of a ReadProcessMemory or WriteProcessMemory request was completed. (0x12B)
[0607/001200.552:ERROR:process_memory_win.cc(73)] ReadMemory at 0x24c6bb05a70 of 796 bytes failed: Only part of a ReadProcessMemory or WriteProcessMemory request was completed. (0x12B)
[0607/001200.552:ERROR:process_memory_win.cc(73)] ReadMemory at 0x24c6bb05d8e of 118 bytes failed: Only part of a ReadProcessMemory or WriteProcessMemory request was completed. (0x12B)
[0607/001200.552:ERROR:process_memory_win.cc(73)] ReadMemory at 0x24c6bb05e06 of 94 bytes failed: Only part of a ReadProcessMemory or WriteProcessMemory request was completed. (0x12B)
[0607/001200.553:ERROR:process_memory_win.cc(73)] ReadMemory at 0x24c6bb05e70 of 58 bytes failed: Only part of a ReadProcessMemory or WriteProcessMemory request was completed. (0x12B)
[0607/001200.553:ERROR:process_memory_win.cc(73)] ReadMemory at 0x24c6bb05f70 of 132 bytes failed: Only part of a ReadProcessMemory or WriteProcessMemory request was completed. (0x12B)
[0607/001200.553:ERROR:process_memory_win.cc(73)] ReadMemory at 0x24c6bb06100 of 132 bytes failed: Only part of a ReadProcessMemory or WriteProcessMemory request was completed. (0x12B)
[0607/001200.580:ERROR:process_memory_win.cc(73)] ReadMemory at 0x24c6bb062c0 of 124 bytes failed: Only part of a ReadProcessMemory or WriteProcessMemory request was completed. (0x12B)
[0607/001200.580:ERROR:process_memory_win.cc(73)] ReadMemory at 0x24c6bb066a0 of 132 bytes failed: Only part of a ReadProcessMemory or WriteProcessMemory request was completed. (0x12B)
[0607/001200.580:ERROR:process_memory_win.cc(73)] ReadMemory at 0x24c6bb06830 of 64 bytes failed: Only part of a ReadProcessMemory or WriteProcessMemory request was completed. (0x12B)
[0607/001200.580:ERROR:process_memory_win.cc(73)] ReadMemory at 0x24c6bb06880 of 132 bytes failed: Only part of a ReadProcessMemory or WriteProcessMemory request was completed. (0x12B)
[0607/001200.580:ERROR:process_memory_win.cc(73)] ReadMemory at 0x24c6bb069b0 of 144 bytes failed: Only part of a ReadProcessMemory or WriteProcessMemory request was completed. (0x12B)
[0607/001200.581:ERROR:process_memory_win.cc(73)] ReadMemory at 0x24c6bb06c90 of 132 bytes failed: Only part of a ReadProcessMemory or WriteProcessMemory request was completed. (0x12B)
[0607/001200.581:ERROR:process_memory_win.cc(73)] ReadMemory at 0x24c6bb06e20 of 68 bytes failed: Only part of a ReadProcessMemory or WriteProcessMemory request was completed. (0x12B)
[0607/001200.581:ERROR:process_memory_win.cc(73)] ReadMemory at 0x24c6bb07e20 of 132 bytes failed: Only part of a ReadProcessMemory or WriteProcessMemory request was completed. (0x12B)
[0607/001200.581:ERROR:process_memory_win.cc(73)] ReadMemory at 0x24c6bb07fd0 of 132 bytes failed: Only part of a ReadProcessMemory or WriteProcessMemory request was completed. (0x12B)
[0607/001200.621:ERROR:process_memory_win.cc(73)] ReadMemory at 0x24c6bb08100 of 152 bytes failed: Only part of a ReadProcessMemory or WriteProcessMemory request was completed. (0x12B)
[0607/001200.621:ERROR:process_memory_win.cc(73)] ReadMemory at 0x24c6bb08ee0 of 62 bytes failed: Only part of a ReadProcessMemory or WriteProcessMemory request was completed. (0x12B)
[0607/001200.621:ERROR:process_memory_win.cc(73)] ReadMemory at 0x24c6bb09010 of 132 bytes failed: Only part of a ReadProcessMemory or WriteProcessMemory request was completed. (0x12B)
[0607/001200.653:ERROR:process_memory_win.cc(73)] ReadMemory at 0x24c6bb091a0 of 60 bytes failed: Only part of a ReadProcessMemory or WriteProcessMemory request was completed. (0x12B)
[0607/001200.653:ERROR:process_memory_win.cc(73)] ReadMemory at 0x24c6bb09580 of 132 bytes failed: Only part of a ReadProcessMemory or WriteProcessMemory request was completed. (0x12B)
[0607/001200.653:ERROR:process_memory_win.cc(73)] ReadMemory at 0x24c6bb0ad30 of 132 bytes failed: Only part of a ReadProcessMemory or WriteProcessMemory request was completed. (0x12B)
[0607/001200.654:ERROR:process_memory_win.cc(73)] ReadMemory at 0x24c6bb0b8d0 of 132 bytes failed: Only part of a ReadProcessMemory or WriteProcessMemory request was completed. (0x12B)
[0607/001200.654:ERROR:process_memory_win.cc(73)] ReadMemory at 0x24c6bb0ba60 of 80 bytes failed: Only part of a ReadProcessMemory or WriteProcessMemory request was completed. (0x12B)
[0607/001200.689:ERROR:process_memory_win.cc(73)] ReadMemory at 0x24c6bb0e200 of 64 bytes failed: Only part of a ReadProcessMemory or WriteProcessMemory request was completed. (0x12B)
[0607/001200.689:ERROR:process_memory_win.cc(73)] ReadMemory at 0x24c6bb0e340 of 60 bytes failed: Only part of a ReadProcessMemory or WriteProcessMemory request was completed. (0x12B)
[0607/001200.689:ERROR:process_memory_win.cc(73)] ReadMemory at 0x24c6bb0e390 of 66 bytes failed: Only part of a ReadProcessMemory or WriteProcessMemory request was completed. (0x12B)
[0607/001200.689:ERROR:process_memory_win.cc(73)] ReadMemory at 0x24c6bb0e3e0 of 62 bytes failed: Only part of a ReadProcessMemory or WriteProcessMemory request was completed. (0x12B)
[0607/001200.690:ERROR:process_memory_win.cc(73)] ReadMemory at 0x24c6bb0e430 of 62 bytes failed: Only part of a ReadProcessMemory or WriteProcessMemory request was completed. (0x12B)
[0607/001200.690:ERROR:process_memory_win.cc(73)] ReadMemory at 0x24c6bb0e480 of 64 bytes failed: Only part of a ReadProcessMemory or WriteProcessMemory request was completed. (0x12B)
[0607/001200.748:ERROR:process_memory_win.cc(73)] ReadMemory at 0x24c6bb0e570 of 64 bytes failed: Only part of a ReadProcessMemory or WriteProcessMemory request was completed. (0x12B)
[0607/001200.748:ERROR:process_memory_win.cc(73)] ReadMemory at 0x24c6bb0e5c0 of 60 bytes failed: Only part of a ReadProcessMemory or WriteProcessMemory request was completed. (0x12B)
[0607/001200.748:ERROR:process_memory_win.cc(73)] ReadMemory at 0x24c6bb0e700 of 64 bytes failed: Only part of a ReadProcessMemory or WriteProcessMemory request was completed. (0x12B)
[0607/001200.748:ERROR:process_memory_win.cc(73)] ReadMemory at 0x24c6bb0f000 of 76 bytes failed: Only part of a ReadProcessMemory or WriteProcessMemory request was completed. (0x12B)
[0607/001200.748:ERROR:process_memory_win.cc(73)] ReadMemory at 0x24c6bb0f480 of 80 bytes failed: Only part of a ReadProcessMemory or WriteProcessMemory request was completed. (0x12B)
[0607/001200.749:ERROR:process_memory_win.cc(73)] ReadMemory at 0x24c6bb0fbf0 of 66 bytes failed: Only part of a ReadProcessMemory or WriteProcessMemory request was completed. (0x12B)
[0607/001200.749:ERROR:process_memory_win.cc(73)] ReadMemory at 0x24c6bb0fdd0 of 62 bytes failed: Only part of a ReadProcessMemory or WriteProcessMemory request was completed. (0x12B)
[0607/001200.749:ERROR:process_memory_win.cc(73)] ReadMemory at 0x24c6bb0fe70 of 64 bytes failed: Only part of a ReadProcessMemory or WriteProcessMemory request was completed. (0x12B)
[0607/001200.749:ERROR:process_memory_win.cc(73)] ReadMemory at 0x24c6bb0ffb0 of 64 bytes failed: Only part of a ReadProcessMemory or WriteProcessMemory request was completed. (0x12B)
[0607/001200.749:ERROR:process_memory_win.cc(73)] ReadMemory at 0x24c6bb10000 of 62 bytes failed: Only part of a ReadProcessMemory or WriteProcessMemory request was completed. (0x12B)
[0607/001200.768:ERROR:process_memory_win.cc(73)] ReadMemory at 0x24c6bb10050 of 62 bytes failed: Only part of a ReadProcessMemory or WriteProcessMemory request was completed. (0x12B)
[0607/001200.768:ERROR:process_memory_win.cc(73)] ReadMemory at 0x24c6bb100a0 of 60 bytes failed: Only part of a ReadProcessMemory or WriteProcessMemory request was completed. (0x12B)
[0607/001200.820:ERROR:process_memory_win.cc(73)] ReadMemory at 0x24c6bb100f0 of 62 bytes failed: Only part of a ReadProcessMemory or WriteProcessMemory request was completed. (0x12B)
[0607/001200.821:ERROR:process_memory_win.cc(73)] ReadMemory at 0x24c6bb10190 of 64 bytes failed: Only part of a ReadProcessMemory or WriteProcessMemory request was completed. (0x12B)
[0607/001201.022:ERROR:process_memory_win.cc(73)] ReadMemory at 0x24c6bb10230 of 62 bytes failed: Only part of a ReadProcessMemory or WriteProcessMemory request was completed. (0x12B)
[0607/001201.023:ERROR:process_memory_win.cc(73)] ReadMemory at 0x24c6bb10370 of 62 bytes failed: Only part of a ReadProcessMemory or WriteProcessMemory request was completed. (0x12B)
[0607/001201.023:ERROR:process_memory_win.cc(73)] ReadMemory at 0x24c6bb10460 of 58 bytes failed: Only part of a ReadProcessMemory or WriteProcessMemory request was completed. (0x12B)
[0607/001201.023:ERROR:process_memory_win.cc(73)] ReadMemory at 0x24c6bb10640 of 62 bytes failed: Only part of a ReadProcessMemory or WriteProcessMemory request was completed. (0x12B)
[0607/001201.023:ERROR:process_memory_win.cc(73)] ReadMemory at 0x24c6bb106e0 of 64 bytes failed: Only part of a ReadProcessMemory or WriteProcessMemory request was completed. (0x12B)
[0607/001201.023:ERROR:process_memory_win.cc(73)] ReadMemory at 0x24c6bb107d0 of 60 bytes failed: Only part of a ReadProcessMemory or WriteProcessMemory request was completed. (0x12B)
[0607/001201.023:ERROR:process_memory_win.cc(73)] ReadMemory at 0x24c6bb10910 of 60 bytes failed: Only part of a ReadProcessMemory or WriteProcessMemory request was completed. (0x12B)
[0607/001201.023:ERROR:process_memory_win.cc(73)] ReadMemory at 0x24c6bb10960 of 60 bytes failed: Only part of a ReadProcessMemory or WriteProcessMemory request was completed. (0x12B)
[0607/001201.147:ERROR:process_memory_win.cc(73)] ReadMemory at 0x24c6bb10b40 of 62 bytes failed: Only part of a ReadProcessMemory or WriteProcessMemory request was completed. (0x12B)
[0607/001201.147:ERROR:process_memory_win.cc(73)] ReadMemory at 0x24c6bb12fb0 of 132 bytes failed: Only part of a ReadProcessMemory or WriteProcessMemory request was completed. (0x12B)
[0607/001201.147:ERROR:process_memory_win.cc(73)] ReadMemory at 0x24c6bb131d0 of 132 bytes failed: Only part of a ReadProcessMemory or WriteProcessMemory request was completed. (0x12B)
[0607/001201.147:ERROR:process_memory_win.cc(73)] ReadMemory at 0x24c6bb13530 of 132 bytes failed: Only part of a ReadProcessMemory or WriteProcessMemory request was completed. (0x12B)
[0607/001201.147:ERROR:process_memory_win.cc(73)] ReadMemory at 0x24c6bb147f0 of 132 bytes failed: Only part of a ReadProcessMemory or WriteProcessMemory request was completed. (0x12B)
[0607/001201.148:ERROR:process_memory_win.cc(73)] ReadMemory at 0x24c6bb14920 of 132 bytes failed: Only part of a ReadProcessMemory or WriteProcessMemory request was completed. (0x12B)
[0607/001201.148:ERROR:process_memory_win.cc(73)] ReadMemory at 0x24c6bb14a50 of 132 bytes failed: Only part of a ReadProcessMemory or WriteProcessMemory request was completed. (0x12B)
[0607/001201.148:ERROR:process_memory_win.cc(73)] ReadMemory at 0x24c6bb14b80 of 132 bytes failed: Only part of a ReadProcessMemory or WriteProcessMemory request was completed. (0x12B)
[0607/001201.148:ERROR:process_memory_win.cc(73)] ReadMemory at 0x24c6bb14cb0 of 132 bytes failed: Only part of a ReadProcessMemory or WriteProcessMemory request was completed. (0x12B)
[0607/001201.148:ERROR:process_memory_win.cc(73)] ReadMemory at 0x24c6bb14de0 of 132 bytes failed: Only part of a ReadProcessMemory or WriteProcessMemory request was completed. (0x12B)
[0607/001201.148:ERROR:process_memory_win.cc(73)] ReadMemory at 0x24c6bb14f10 of 132 bytes failed: Only part of a ReadProcessMemory or WriteProcessMemory request was completed. (0x12B)
[0607/001201.148:ERROR:process_memory_win.cc(73)] ReadMemory at 0x24c6bb15170 of 132 bytes failed: Only part of a ReadProcessMemory or WriteProcessMemory request was completed. (0x12B)
[0607/001201.178:ERROR:process_memory_win.cc(73)] ReadMemory at 0x24c6bb152a0 of 132 bytes failed: Only part of a ReadProcessMemory or WriteProcessMemory request was completed. (0x12B)
[0607/001201.178:ERROR:process_memory_win.cc(73)] ReadMemory at 0x24c6bb153d0 of 132 bytes failed: Only part of a ReadProcessMemory or WriteProcessMemory request was completed. (0x12B)
[0607/001201.179:ERROR:process_memory_win.cc(73)] ReadMemory at 0x24c6bb15500 of 132 bytes failed: Only part of a ReadProcessMemory or WriteProcessMemory request was completed. (0x12B)
[0607/001201.179:ERROR:process_memory_win.cc(73)] ReadMemory at 0x24c6bb15630 of 132 bytes failed: Only part of a ReadProcessMemory or WriteProcessMemory request was completed. (0x12B)
[0607/001201.179:ERROR:process_memory_win.cc(73)] ReadMemory at 0x24c6bb188c0 of 132 bytes failed: Only part of a ReadProcessMemory or WriteProcessMemory request was completed. (0x12B)
[0607/001201.179:ERROR:process_memory_win.cc(73)] ReadMemory at 0x24c6bb18fa0 of 132 bytes failed: Only part of a ReadProcessMemory or WriteProcessMemory request was completed. (0x12B)
[0607/001201.179:ERROR:process_memory_win.cc(73)] ReadMemory at 0x24c6bb1b270 of 54 bytes failed: Only part of a ReadProcessMemory or WriteProcessMemory request was completed. (0x12B)
[0607/001201.179:ERROR:process_memory_win.cc(73)] ReadMemory at 0x24c6bb1bdd0 of 132 bytes failed: Only part of a ReadProcessMemory or WriteProcessMemory request was completed. (0x12B)
[0607/001201.242:ERROR:process_memory_win.cc(73)] ReadMemory at 0x24c6bb1c150 of 132 bytes failed: Only part of a ReadProcessMemory or WriteProcessMemory request was completed. (0x12B)
[0607/001201.242:ERROR:process_memory_win.cc(73)] ReadMemory at 0x24c6bb1c3b0 of 132 bytes failed: Only part of a ReadProcessMemory or WriteProcessMemory request was completed. (0x12B)
[0607/001201.242:ERROR:process_memory_win.cc(73)] ReadMemory at 0x24c6bb1cad0 of 132 bytes failed: Only part of a ReadProcessMemory or WriteProcessMemory request was completed. (0x12B)
[0607/001201.242:ERROR:process_memory_win.cc(73)] ReadMemory at 0x24c6bb1ce60 of 132 bytes failed: Only part of a ReadProcessMemory or WriteProcessMemory request was completed. (0x12B)
[0607/001201.243:ERROR:process_memory_win.cc(73)] ReadMemory at 0x24c6bb1d1f0 of 132 bytes failed: Only part of a ReadProcessMemory or WriteProcessMemory request was completed. (0x12B)
[0607/001201.268:ERROR:process_memory_win.cc(73)] ReadMemory at 0x24c6bb1d320 of 132 bytes failed: Only part of a ReadProcessMemory or WriteProcessMemory request was completed. (0x12B)
[0607/001201.268:ERROR:process_memory_win.cc(73)] ReadMemory at 0x24c6bb1d450 of 132 bytes failed: Only part of a ReadProcessMemory or WriteProcessMemory request was completed. (0x12B)
[0607/001201.268:ERROR:process_memory_win.cc(73)] ReadMemory at 0x24c6bb1d910 of 132 bytes failed: Only part of a ReadProcessMemory or WriteProcessMemory request was completed. (0x12B)
[0607/001201.268:ERROR:process_memory_win.cc(73)] ReadMemory at 0x24c6bb1db70 of 132 bytes failed: Only part of a ReadProcessMemory or WriteProcessMemory request was completed. (0x12B)
[0607/001201.268:ERROR:process_memory_win.cc(73)] ReadMemory at 0x24c6bb1dca0 of 132 bytes failed: Only part of a ReadProcessMemory or WriteProcessMemory request was completed. (0x12B)
[0607/001201.320:ERROR:process_memory_win.cc(73)] ReadMemory at 0x24c6bb35040 of 512 bytes failed: Only part of a ReadProcessMemory or WriteProcessMemory request was completed. (0x12B)
[0607/001201.320:ERROR:process_memory_win.cc(73)] ReadMemory at 0x24c6bb35f10 of 512 bytes failed: Only part of a ReadProcessMemory or WriteProcessMemory request was completed. (0x12B)
[0607/001201.321:ERROR:process_memory_win.cc(73)] ReadMemory at 0x24c6bb39ee0 of 512 bytes failed: Only part of a ReadProcessMemory or WriteProcessMemory request was completed. (0x12B)
[0607/001201.321:ERROR:process_memory_win.cc(73)] ReadMemory at 0x24c6bd90d00 of 512 bytes failed: Only part of a ReadProcessMemory or WriteProcessMemory request was completed. (0x12B)
[0607/001201.321:ERROR:process_memory_win.cc(73)] ReadMemory at 0x24c6bd92080 of 512 bytes failed: Only part of a ReadProcessMemory or WriteProcessMemory request was completed. (0x12B)
[0607/001201.321:ERROR:process_memory_win.cc(73)] ReadMemory at 0x24c6c2d0be0 of 512 bytes failed: Only part of a ReadProcessMemory or WriteProcessMemory request was completed. (0x12B)
[0607/001201.321:ERROR:process_memory_win.cc(73)] ReadMemory at 0x24c6c3099c0 of 712 bytes failed: Only part of a ReadProcessMemory or WriteProcessMemory request was completed. (0x12B)
[0607/001201.321:ERROR:process_memory_win.cc(73)] ReadMemory at 0x24c6c309d00 of 512 bytes failed: Only part of a ReadProcessMemory or WriteProcessMemory request was completed. (0x12B)
[0607/001201.322:ERROR:process_memory_win.cc(73)] ReadMemory at 0x24c6c31fe90 of 512 bytes failed: Only part of a ReadProcessMemory or WriteProcessMemory request was completed. (0x12B)
[0607/001201.322:ERROR:process_memory_win.cc(73)] ReadMemory at 0x24c6c5b13f0 of 512 bytes failed: Only part of a ReadProcessMemory or WriteProcessMemory request was completed. (0x12B)
[0607/001201.322:ERROR:process_memory_win.cc(73)] ReadMemory at 0x24c6c5b6db8 of 512 bytes failed: Only part of a ReadProcessMemory or WriteProcessMemory request was completed. (0x12B)
[0607/001201.322:ERROR:process_memory_win.cc(73)] ReadMemory at 0x24c6c5bff80 of 512 bytes failed: Only part of a ReadProcessMemory or WriteProcessMemory request was completed. (0x12B)
[0607/001201.322:ERROR:process_memory_win.cc(73)] ReadMemory at 0x24c6dae7090 of 512 bytes failed: Only part of a ReadProcessMemory or WriteProcessMemory request was completed. (0x12B)
[0607/001201.322:ERROR:process_memory_win.cc(73)] ReadMemory at 0x24c6db26de0 of 512 bytes failed: Only part of a ReadProcessMemory or WriteProcessMemory request was completed. (0x12B)
[0607/001201.322:ERROR:process_memory_win.cc(73)] ReadMemory at 0x7ffda2cfed32 of 512 bytes failed: Only part of a ReadProcessMemory or WriteProcessMemory request was completed. (0x12B)
[0607/001201.382:ERROR:process_memory_win.cc(73)] ReadMemory at 0x7ffda354818c of 512 bytes failed: Only part of a ReadProcessMemory or WriteProcessMemory request was completed. (0x12B)
[0607/001201.382:ERROR:process_memory_win.cc(73)] ReadMemory at 0x7ffda78daa70 of 512 bytes failed: Only part of a ReadProcessMemory or WriteProcessMemory request was completed. (0x12B)
[0607/001201.382:ERROR:process_memory_win.cc(73)] ReadMemory at 0x7ffdd76479a5 of 512 bytes failed: Only part of a ReadProcessMemory or WriteProcessMemory request was completed. (0x12B)
[0607/001201.383:ERROR:process_memory_win.cc(73)] ReadMemory at 0x7ffdd7648180 of 512 bytes failed: Only part of a ReadProcessMemory or WriteProcessMemory request was completed. (0x12B)
[0607/001201.413:ERROR:process_memory_win.cc(73)] ReadMemory at 0x7ffe0393c074 of 672 bytes failed: Only part of a ReadProcessMemory or WriteProcessMemory request was completed. (0x12B)
[0607/001201.414:ERROR:process_memory_win.cc(73)] ReadMemory at 0x7ffe0393f924 of 608 bytes failed: Only part of a ReadProcessMemory or WriteProcessMemory request was completed. (0x12B)
[0607/001201.414:ERROR:process_memory_win.cc(73)] ReadMemory at 0x7ffe039cc428 of 18 bytes failed: Only part of a ReadProcessMemory or WriteProcessMemory request was completed. (0x12B)
[0607/001201.414:ERROR:process_memory_win.cc(73)] ReadMemory at 0x7ffe039ff4f8 of 40 bytes failed: Only part of a ReadProcessMemory or WriteProcessMemory request was completed. (0x12B)
[0607/001201.414:ERROR:process_memory_win.cc(73)] ReadMemory at 0x7ffe039ff978 of 48 bytes failed: Only part of a ReadProcessMemory or WriteProcessMemory request was completed. (0x12B)
[0607/001201.414:ERROR:process_memory_win.cc(73)] ReadMemory at 0x7ffe03a053c0 of 64 bytes failed: Only part of a ReadProcessMemory or WriteProcessMemory request was completed. (0x12B)
[0607/001202.007:ERROR:scoped_process_suspend.cc(40)] NtResumeProcess: An attempt was made to access an exiting process. (0xc000010a)
